#
# There is insufficient memory for the Java Runtime Environment to continue.
# Native memory allocation (malloc) failed to allocate 1048576 bytes for AllocateHeap
# Possible reasons:
#   The system is out of physical RAM or swap space
#   In 32 bit mode, the process size limit was hit
# Possible solutions:
#   Reduce memory load on the system
#   Increase physical memory or swap space
#   Check if swap backing store is full
#   Use 64 bit Java on a 64 bit OS
#   Decrease Java heap size (-Xmx/-Xms)
#   Decrease number of Java threads
#   Decrease Java thread stack sizes (-Xss)
#   Set larger code cache with -XX:ReservedCodeCacheSize=
# This output file may be truncated or incomplete.
#
#  Out of Memory Error (memory/allocation.inline.hpp:61), pid=31932, tid=0x0000000000001e2c
#
# JRE version:  (8.0_76-b03) (build )
# Java VM: OpenJDK 64-Bit Server VM (25.76-b03 mixed mode windows-amd64 compressed oops)
# Failed to write core dump. Minidumps are not enabled by default on client versions of Windows
#

---------------  T H R E A D  ---------------

Current thread (0x0000000002d6e000):  JavaThread "Unknown thread" [_thread_in_vm, id=7724, stack(0x0000000002d70000,0x0000000002e70000)]

Stack: [0x0000000002d70000,0x0000000002e70000]
[error occurred during error reporting (printing stack bounds), id 0xc0000005]

Native frames: (J=compiled Java code, j=interpreted, Vv=VM code, C=native code)


---------------  P R O C E S S  ---------------

Java Threads: ( => current thread )

Other Threads:

=>0x0000000002d6e000 (exited) JavaThread "Unknown thread" [_thread_in_vm, id=7724, stack(0x0000000002d70000,0x0000000002e70000)]

VM state:not at safepoint (normal execution)

VM Mutex/Monitor currently owned by a thread: None

Heap:
 PSYoungGen      total 67072K, used 1157K [0x0000000775900000, 0x000000077a380000, 0x00000007c0000000)
  eden space 57856K, 2% used [0x0000000775900000,0x0000000775a21488,0x0000000779180000)
  from space 9216K, 0% used [0x0000000779a80000,0x0000000779a80000,0x000000077a380000)
  to   space 9216K, 0% used [0x0000000779180000,0x0000000779180000,0x0000000779a80000)
 ParOldGen       total 153088K, used 0K [0x00000006e0a00000, 0x00000006e9f80000, 0x0000000775900000)
  object space 153088K, 0% used [0x00000006e0a00000,0x00000006e0a00000,0x00000006e9f80000)
 Metaspace       used 771K, capacity 4480K, committed 4480K, reserved 1056768K
  class space    used 73K, capacity 384K, committed 384K, reserved 1048576K

Card table byte_map: [0x0000000012330000,0x0000000012a30000] byte_map_base: 0x000000000ec2b000

Marking Bits: (ParMarkBitMap*) 0x0000000064729d00
 Begin Bits: [0x00000000132e0000, 0x0000000016ab8000)
 End Bits:   [0x0000000016ab8000, 0x000000001a290000)

Polling page: 0x00000000015a0000

CodeCache: size=245760Kb used=328Kb max_used=328Kb free=245431Kb
 bounds [0x0000000002f70000, 0x00000000031e0000, 0x0000000011f70000]
 total_blobs=57 nmethods=0 adapters=38
 compilation: enabled

Compilation events (0 events):
No events

GC Heap History (0 events):
No events

Deoptimization events (0 events):
No events

Internal exceptions (0 events):
No events

Events (10 events):
Event: 0.020 loading class java/lang/Short
Event: 0.020 loading class java/lang/Short done
Event: 0.020 loading class java/lang/Integer
Event: 0.020 loading class java/lang/Integer done
Event: 0.020 loading class java/lang/Long
Event: 0.020 loading class java/lang/Long done
Event: 0.021 loading class java/lang/NullPointerException
Event: 0.021 loading class java/lang/NullPointerException done
Event: 0.021 loading class java/lang/ArithmeticException
Event: 0.021 loading class java/lang/ArithmeticException done


Dynamic libraries:
0x00007ff760250000 - 0x00007ff760281000 	C:\Program Files\Android\Android Studio\jre\bin\java.exe
0x00007ffda0260000 - 0x00007ffda0431000 	C:\WINDOWS\SYSTEM32\ntdll.dll
0x00007ffd9ffb0000 - 0x00007ffda005c000 	C:\WINDOWS\System32\KERNEL32.DLL
0x00007ffd7dfd0000 - 0x00007ffd7e003000 	C:\Program Files\AVAST Software\Avast\x64\aswhooka.dll
0x00007ffd9d1f0000 - 0x00007ffd9d40d000 	C:\WINDOWS\System32\KERNELBASE.dll
0x00007ffda0140000 - 0x00007ffda01e2000 	C:\WINDOWS\System32\ADVAPI32.dll
0x00007ffd9fd10000 - 0x00007ffd9fdae000 	C:\WINDOWS\System32\msvcrt.dll
0x00007ffd9dd60000 - 0x00007ffd9ddb9000 	C:\WINDOWS\System32\sechost.dll
0x00007ffd9fe80000 - 0x00007ffd9ffa1000 	C:\WINDOWS\System32\RPCRT4.dll
0x00007ffd9e120000 - 0x00007ffd9e285000 	C:\WINDOWS\System32\USER32.dll
0x00007ffd9d1d0000 - 0x00007ffd9d1ee000 	C:\WINDOWS\System32\win32u.dll
0x00007ffd9d850000 - 0x00007ffd9d884000 	C:\WINDOWS\System32\GDI32.dll
0x00007ffd9d410000 - 0x00007ffd9d590000 	C:\WINDOWS\System32\gdi32full.dll
0x00007ffd95580000 - 0x00007ffd957fa000 	C:\WINDOWS\WinSxS\amd64_microsoft.windows.common-controls_6595b64144ccf1df_6.0.14393.953_none_42151e83c686086b\COMCTL32.dll
0x00007ffd9e3d0000 - 0x00007ffd9e698000 	C:\WINDOWS\System32\combase.dll
0x00007ffd9d640000 - 0x00007ffd9d735000 	C:\WINDOWS\System32\ucrtbase.dll
0x00007ffd9cf40000 - 0x00007ffd9cfaa000 	C:\WINDOWS\System32\bcryptPrimitives.dll
0x00007ffd9e390000 - 0x00007ffd9e3be000 	C:\WINDOWS\System32\IMM32.DLL
0x0000000060610000 - 0x00000000606e2000 	C:\Program Files\Android\Android Studio\jre\jre\bin\msvcr100.dll
0x0000000063f70000 - 0x00000000647a4000 	C:\Program Files\Android\Android Studio\jre\jre\bin\server\jvm.dll
0x00007ffd9fdb0000 - 0x00007ffd9fdb8000 	C:\WINDOWS\System32\PSAPI.DLL
0x00007ffd938c0000 - 0x00007ffd938c9000 	C:\WINDOWS\SYSTEM32\WSOCK32.dll
0x00007ffda00d0000 - 0x00007ffda013a000 	C:\WINDOWS\System32\WS2_32.dll
0x00007ffd9ab80000 - 0x00007ffd9aba3000 	C:\WINDOWS\SYSTEM32\WINMM.dll
0x00007ffd986d0000 - 0x00007ffd986da000 	C:\WINDOWS\SYSTEM32\VERSION.dll
0x00007ffd9ab20000 - 0x00007ffd9ab4b000 	C:\WINDOWS\SYSTEM32\WINMMBASE.dll
0x00007ffd9d180000 - 0x00007ffd9d1c2000 	C:\WINDOWS\System32\cfgmgr32.dll
0x00007ffd951e0000 - 0x00007ffd951ef000 	C:\Program Files\Android\Android Studio\jre\jre\bin\verify.dll
0x00007ffd918a0000 - 0x00007ffd918c9000 	C:\Program Files\Android\Android Studio\jre\jre\bin\java.dll
0x00007ffd91880000 - 0x00007ffd91896000 	C:\Program Files\Android\Android Studio\jre\jre\bin\zip.dll

VM Arguments:
jvm_args: -Dorg.gradle.appname=gradlew 
java_command: org.gradle.wrapper.GradleWrapperMain cdvBuildDebug -b L:\DropBox\Dropbox\KMOS\ionicapps\kmos4\platforms\android\build.gradle -Dorg.gradle.daemon=true -Dorg.gradle.jvmargs=-Xmx2048m -Pandroid.useDeprecatedNdk=true
java_class_path (initial): L:\DropBox\Dropbox\KMOS\ionicapps\kmos4\platforms\android\\gradle\wrapper\gradle-wrapper.jar
Launcher Type: SUN_STANDARD

Environment Variables:
JAVA_HOME=C:\Program Files\Android\Android Studio\jre
CLASSPATH=L:\DropBox\Dropbox\KMOS\ionicapps\kmos4\platforms\android\\gradle\wrapper\gradle-wrapper.jar
PATH=C:\ProgramData\Oracle\Java\javapath;C:\WINDOWS\system32;C:\WINDOWS;C:\WINDOWS\System32\Wbem;C:\WINDOWS\System32\WindowsPowerShell\v1.0\;C:\Program Files\Git\cmd;C:\Program Files\dotnet\;C:\Program Files (x86)\Skype\Phone\;C:\Ruby23-x64\bin;C:\Users\David\AppData\Roaming\npm;C:\Users\David\AppData\Local\atom\bin;C:\Users\David\AppData\Local\Microsoft\WindowsApps;C:\Users\David\AppData\Local\Android\sdk\tools;C:\Users\David\AppData\Local\Android\sdk\platform-tools;C:\Program Files\nodejs\;C:\Ruby23-x64\bin;C:\Users\David\AppData\Local\atom\bin;C:\Users\David\AppData\Local\Microsoft\WindowsApps;C:\Users\David\AppData\Local\Android\sdk\tools;C:\Users\David\AppData\Local\Android\sdk\platform-tools;C:\Users\David\AppData\Local\.meteor\;c:\ffmpeg\bin;C:\Users\David\AppData\Roaming\npm;C:\Program Files\Android\Android Studio\jre\bin
USERNAME=David
OS=Windows_NT
PROCESSOR_IDENTIFIER=Intel64 Family 6 Model 42 Stepping 7, GenuineIntel



---------------  S Y S T E M  ---------------

OS: Windows 10.0 , 64 bit Build 14393 (10.0.14393.1198)

CPU:total 4 (4 cores per cpu, 1 threads per core) family 6 model 42 stepping 7, cmov, cx8, fxsr, mmx, sse, sse2, sse3, ssse3, sse4.1, sse4.2, popcnt, avx, aes, clmul, tsc, tscinvbit

Memory: 4k page, physical 14636080k(3645296k free), swap 29224364k(4632k free)

vm_info: OpenJDK 64-Bit Server VM (25.76-b03) for windows-amd64 JRE (1.8.0_76-release-b03), built on Jun 29 2016 19:09:20 by "ralucas" with MS VC++ 10.0 (VS2010)

time: Tue Jul 04 14:34:44 2017
elapsed time: 0 seconds (0d 0h 0m 0s)

