#
# There is insufficient memory for the Java Runtime Environment to continue.
# Native memory allocation (malloc) failed to allocate 65552 bytes for Chunk::new
# Possible reasons:
#   The system is out of physical RAM or swap space
#   In 32 bit mode, the process size limit was hit
# Possible solutions:
#   Reduce memory load on the system
#   Increase physical memory or swap space
#   Check if swap backing store is full
#   Use 64 bit Java on a 64 bit OS
#   Decrease Java heap size (-Xmx/-Xms)
#   Decrease number of Java threads
#   Decrease Java thread stack sizes (-Xss)
#   Set larger code cache with -XX:ReservedCodeCacheSize=
# This output file may be truncated or incomplete.
#
#  Out of Memory Error (allocation.cpp:390), pid=14112, tid=0x0000000000007070
#
# JRE version: OpenJDK Runtime Environment (8.0_76-b03) (build 1.8.0_76-release-b03)
# Java VM: OpenJDK 64-Bit Server VM (25.76-b03 mixed mode windows-amd64 compressed oops)
# Failed to write core dump. Minidumps are not enabled by default on client versions of Windows
#

---------------  T H R E A D  ---------------

Current thread (0x0000000017b3a800):  JavaThread "C2 CompilerThread0" daemon [_thread_in_native, id=28784, stack(0x0000000019180000,0x0000000019280000)]

Stack: [0x0000000019180000,0x0000000019280000]
[error occurred during error reporting (printing stack bounds), id 0xc0000005]

Native frames: (J=compiled Java code, j=interpreted, Vv=VM code, C=native code)


Current CompileTask:
C2:  21045 7271   !   4       java.util.zip.ZipFile::getInputStream (304 bytes)


---------------  P R O C E S S  ---------------

Java Threads: ( => current thread )
  0x000000001ceff800 JavaThread "pool-4-thread-1" [_thread_blocked, id=31848, stack(0x0000000022dd0000,0x0000000022ed0000)]
  0x000000001cefc800 JavaThread "pool-3-thread-4" [_thread_blocked, id=33268, stack(0x00000000229d0000,0x0000000022ad0000)]
  0x000000001ceff000 JavaThread "pool-3-thread-3" [_thread_blocked, id=32412, stack(0x00000000228d0000,0x00000000229d0000)]
  0x000000001cefd800 JavaThread "pool-3-thread-2" [_thread_blocked, id=18528, stack(0x0000000020260000,0x0000000020360000)]
  0x000000001cf03000 JavaThread "pool-3-thread-1" [_thread_blocked, id=15060, stack(0x000000001fed0000,0x000000001ffd0000)]
  0x000000001c92c800 JavaThread "File lock request listener" [_thread_in_native, id=10372, stack(0x000000001e940000,0x000000001ea40000)]
  0x000000001afe1800 JavaThread "Stdin handler" [_thread_blocked, id=32940, stack(0x000000001c0a0000,0x000000001c1a0000)]
  0x000000001afeb000 JavaThread "Asynchronous log dispatcher for org.gradle.launcher.daemon.server.DefaultDaemonConnection@ea24818" [_thread_blocked, id=28572, stack(0x000000001bfa0000,0x000000001c0a0000)]
  0x000000001a833800 JavaThread "Daemon worker" [_thread_in_Java, id=33308, stack(0x000000001bea0000,0x000000001bfa0000)]
  0x000000001a82f800 JavaThread "Cancel handler" [_thread_blocked, id=7692, stack(0x000000001bda0000,0x000000001bea0000)]
  0x000000001a80a800 JavaThread "Handler for socket connection from /127.0.0.1:12889 to /127.0.0.1:12894" [_thread_in_native, id=8860, stack(0x000000001bca0000,0x000000001bda0000)]
  0x000000001a80a000 JavaThread "Daemon" [_thread_blocked, id=30504, stack(0x000000001bba0000,0x000000001bca0000)]
  0x000000001a6e6800 JavaThread "pool-1-thread-1" [_thread_blocked, id=30660, stack(0x000000001baa0000,0x000000001bba0000)]
  0x000000001a401800 JavaThread "Incoming local TCP Connector on port 12889" [_thread_in_native, id=32272, stack(0x000000001b670000,0x000000001b770000)]
  0x00000000194a8800 JavaThread "Service Thread" daemon [_thread_blocked, id=31688, stack(0x0000000019880000,0x0000000019980000)]
  0x0000000017b43800 JavaThread "C1 CompilerThread2" daemon [_thread_blocked, id=21944, stack(0x0000000019380000,0x0000000019480000)]
  0x0000000017b3c800 JavaThread "C2 CompilerThread1" daemon [_thread_blocked, id=9020, stack(0x0000000019280000,0x0000000019380000)]
=>0x0000000017b3a800 JavaThread "C2 CompilerThread0" daemon [_thread_in_native, id=28784, stack(0x0000000019180000,0x0000000019280000)]
  0x0000000017b4b800 JavaThread "Attach Listener" daemon [_thread_blocked, id=29332, stack(0x0000000019080000,0x0000000019180000)]
  0x0000000017b4a800 JavaThread "Signal Dispatcher" daemon [_thread_blocked, id=20516, stack(0x0000000018f80000,0x0000000019080000)]
  0x0000000017b28800 JavaThread "Finalizer" daemon [_thread_blocked, id=8884, stack(0x0000000018d90000,0x0000000018e90000)]
  0x0000000002dd2000 JavaThread "Reference Handler" daemon [_thread_blocked, id=26240, stack(0x0000000018c90000,0x0000000018d90000)]
  0x000000000301d800 JavaThread "main" [_thread_blocked, id=26768, stack(0x0000000001470000,0x0000000001570000)]

Other Threads:
  0x0000000017b05800 VMThread [stack: 0x0000000018b90000,0x0000000018c90000] [id=10288]
  0x0000000017b9e000 WatcherThread [stack: 0x0000000019980000,0x0000000019a80000] [id=16432]

VM state:not at safepoint (normal execution)

VM Mutex/Monitor currently owned by a thread: None

Heap:
 PSYoungGen      total 282112K, used 134663K [0x00000000d5580000, 0x00000000e8800000, 0x0000000100000000)
  eden space 255488K, 43% used [0x00000000d5580000,0x00000000dc231d90,0x00000000e4f00000)
  from space 26624K, 87% used [0x00000000e4f00000,0x00000000e65d0010,0x00000000e6900000)
  to   space 23040K, 0% used [0x00000000e6900000,0x00000000e6900000,0x00000000e7f80000)
 ParOldGen       total 139776K, used 39077K [0x0000000080000000, 0x0000000088880000, 0x00000000d5580000)
  object space 139776K, 27% used [0x0000000080000000,0x00000000826297f8,0x0000000088880000)
 Metaspace       used 50888K, capacity 52488K, committed 52736K, reserved 1095680K
  class space    used 6794K, capacity 7131K, committed 7168K, reserved 1048576K

Card table byte_map: [0x00000000123e0000,0x00000000127f0000] byte_map_base: 0x0000000011fe0000

Marking Bits: (ParMarkBitMap*) 0x0000000064729d00
 Begin Bits: [0x0000000012da0000, 0x0000000014da0000)
 End Bits:   [0x0000000014da0000, 0x0000000016da0000)

Polling page: 0x0000000001270000

CodeCache: size=245760Kb used=22429Kb max_used=24408Kb free=223331Kb
 bounds [0x0000000003020000, 0x0000000004810000, 0x0000000012020000]
 total_blobs=7161 nmethods=6449 adapters=624
 compilation: enabled

Compilation events (10 events):
Event: 21.020 Thread 0x0000000017b43800 nmethod 7267 0x0000000003802c90 code [0x0000000003802e20, 0x0000000003803168]
Event: 21.021 Thread 0x0000000017b43800 7268       1       java.util.zip.ZipEntry::getName (5 bytes)
Event: 21.021 Thread 0x0000000017b43800 nmethod 7268 0x0000000003f26890 code [0x0000000003f269e0, 0x0000000003f26af0]
Event: 21.023 Thread 0x0000000017b43800 7269       1       sun.security.util.ManifestEntryVerifier::getEntry (5 bytes)
Event: 21.023 Thread 0x0000000017b43800 nmethod 7269 0x00000000036e7c50 code [0x00000000036e7da0, 0x00000000036e7eb0]
Event: 21.025 Thread 0x0000000017b3c800 7270       4       java.lang.Class::privateGetDeclaredConstructors (85 bytes)
Event: 21.028 Thread 0x0000000017b3a800 7271   !   4       java.util.zip.ZipFile::getInputStream (304 bytes)
Event: 21.029 Thread 0x0000000017b43800 7272   !   3       java.security.cert.Certificate::equals (38 bytes)
Event: 21.030 Thread 0x0000000017b43800 nmethod 7272 0x00000000039b1450 code [0x00000000039b1680, 0x00000000039b2428]
Event: 21.031 Thread 0x0000000017b3c800 nmethod 7270 0x0000000003f1dd50 code [0x0000000003f1dee0, 0x0000000003f1e588]

GC Heap History (10 events):
Event: 10.578 GC heap before
{Heap before GC invocations=9 (full 2):
 PSYoungGen      total 153088K, used 139776K [0x00000000d5580000, 0x00000000e1a00000, 0x0000000100000000)
  eden space 139776K, 100% used [0x00000000d5580000,0x00000000dde00000,0x00000000dde00000)
  from space 13312K, 0% used [0x00000000deb80000,0x00000000deb80000,0x00000000df880000)
  to   space 13824K, 0% used [0x00000000dde00000,0x00000000dde00000,0x00000000deb80000)
 ParOldGen       total 139776K, used 17131K [0x0000000080000000, 0x0000000088880000, 0x00000000d5580000)
  object space 139776K, 12% used [0x0000000080000000,0x00000000810bacc8,0x0000000088880000)
 Metaspace       used 44338K, capacity 45370K, committed 45440K, reserved 1089536K
  class space    used 5917K, capacity 6203K, committed 6272K, reserved 1048576K
Event: 10.618 GC heap after
Heap after GC invocations=9 (full 2):
 PSYoungGen      total 153600K, used 13309K [0x00000000d5580000, 0x00000000e4100000, 0x0000000100000000)
  eden space 139776K, 0% used [0x00000000d5580000,0x00000000d5580000,0x00000000dde00000)
  from space 13824K, 96% used [0x00000000dde00000,0x00000000deaff5c8,0x00000000deb80000)
  to   space 15360K, 0% used [0x00000000e3200000,0x00000000e3200000,0x00000000e4100000)
 ParOldGen       total 139776K, used 17203K [0x0000000080000000, 0x0000000088880000, 0x00000000d5580000)
  object space 139776K, 12% used [0x0000000080000000,0x00000000810cccd8,0x0000000088880000)
 Metaspace       used 44338K, capacity 45370K, committed 45440K, reserved 1089536K
  class space    used 5917K, capacity 6203K, committed 6272K, reserved 1048576K
}
Event: 14.831 GC heap before
{Heap before GC invocations=10 (full 2):
 PSYoungGen      total 153600K, used 153085K [0x00000000d5580000, 0x00000000e4100000, 0x0000000100000000)
  eden space 139776K, 100% used [0x00000000d5580000,0x00000000dde00000,0x00000000dde00000)
  from space 13824K, 96% used [0x00000000dde00000,0x00000000deaff5c8,0x00000000deb80000)
  to   space 15360K, 0% used [0x00000000e3200000,0x00000000e3200000,0x00000000e4100000)
 ParOldGen       total 139776K, used 17203K [0x0000000080000000, 0x0000000088880000, 0x00000000d5580000)
  object space 139776K, 12% used [0x0000000080000000,0x00000000810cccd8,0x0000000088880000)
 Metaspace       used 49165K, capacity 50574K, committed 50688K, reserved 1093632K
  class space    used 6567K, capacity 6874K, committed 6912K, reserved 1048576K
Event: 14.873 GC heap after
Heap after GC invocations=10 (full 2):
 PSYoungGen      total 220672K, used 15346K [0x00000000d5580000, 0x00000000e4700000, 0x0000000100000000)
  eden space 205312K, 0% used [0x00000000d5580000,0x00000000d5580000,0x00000000e1e00000)
  from space 15360K, 99% used [0x00000000e3200000,0x00000000e40fc8d0,0x00000000e4100000)
  to   space 20480K, 0% used [0x00000000e1e00000,0x00000000e1e00000,0x00000000e3200000)
 ParOldGen       total 139776K, used 25244K [0x0000000080000000, 0x0000000088880000, 0x00000000d5580000)
  object space 139776K, 18% used [0x0000000080000000,0x00000000818a71b8,0x0000000088880000)
 Metaspace       used 49165K, capacity 50574K, committed 50688K, reserved 1093632K
  class space    used 6567K, capacity 6874K, committed 6912K, reserved 1048576K
}
Event: 18.255 GC heap before
{Heap before GC invocations=11 (full 2):
 PSYoungGen      total 220672K, used 215365K [0x00000000d5580000, 0x00000000e4700000, 0x0000000100000000)
  eden space 205312K, 97% used [0x00000000d5580000,0x00000000e18d4e60,0x00000000e1e00000)
  from space 15360K, 99% used [0x00000000e3200000,0x00000000e40fc8d0,0x00000000e4100000)
  to   space 20480K, 0% used [0x00000000e1e00000,0x00000000e1e00000,0x00000000e3200000)
 ParOldGen       total 139776K, used 25244K [0x0000000080000000, 0x0000000088880000, 0x00000000d5580000)
  object space 139776K, 18% used [0x0000000080000000,0x00000000818a71b8,0x0000000088880000)
 Metaspace       used 50421K, capacity 51926K, committed 52224K, reserved 1093632K
  class space    used 6713K, capacity 7056K, committed 7168K, reserved 1048576K
Event: 18.273 GC heap after
Heap after GC invocations=11 (full 2):
 PSYoungGen      total 225792K, used 19322K [0x00000000d5580000, 0x00000000e7f80000, 0x0000000100000000)
  eden space 205312K, 0% used [0x00000000d5580000,0x00000000d5580000,0x00000000e1e00000)
  from space 20480K, 94% used [0x00000000e1e00000,0x00000000e30deab0,0x00000000e3200000)
  to   space 23040K, 0% used [0x00000000e6900000,0x00000000e6900000,0x00000000e7f80000)
 ParOldGen       total 139776K, used 31474K [0x0000000080000000, 0x0000000088880000, 0x00000000d5580000)
  object space 139776K, 22% used [0x0000000080000000,0x0000000081ebc9c8,0x0000000088880000)
 Metaspace       used 50421K, capacity 51926K, committed 52224K, reserved 1093632K
  class space    used 6713K, capacity 7056K, committed 7168K, reserved 1048576K
}
Event: 19.284 GC heap before
{Heap before GC invocations=12 (full 2):
 PSYoungGen      total 225792K, used 221533K [0x00000000d5580000, 0x00000000e7f80000, 0x0000000100000000)
  eden space 205312K, 98% used [0x00000000d5580000,0x00000000e1af8cd8,0x00000000e1e00000)
  from space 20480K, 94% used [0x00000000e1e00000,0x00000000e30deab0,0x00000000e3200000)
  to   space 23040K, 0% used [0x00000000e6900000,0x00000000e6900000,0x00000000e7f80000)
 ParOldGen       total 139776K, used 31474K [0x0000000080000000, 0x0000000088880000, 0x00000000d5580000)
  object space 139776K, 22% used [0x0000000080000000,0x0000000081ebc9c8,0x0000000088880000)
 Metaspace       used 50428K, capacity 51926K, committed 52224K, reserved 1093632K
  class space    used 6713K, capacity 7056K, committed 7168K, reserved 1048576K
Event: 19.301 GC heap after
Heap after GC invocations=12 (full 2):
 PSYoungGen      total 278528K, used 23008K [0x00000000d5580000, 0x00000000e8800000, 0x0000000100000000)
  eden space 255488K, 0% used [0x00000000d5580000,0x00000000d5580000,0x00000000e4f00000)
  from space 23040K, 99% used [0x00000000e6900000,0x00000000e7f780d0,0x00000000e7f80000)
  to   space 26624K, 0% used [0x00000000e4f00000,0x00000000e4f00000,0x00000000e6900000)
 ParOldGen       total 139776K, used 33080K [0x0000000080000000, 0x0000000088880000, 0x00000000d5580000)
  object space 139776K, 23% used [0x0000000080000000,0x000000008204e3d0,0x0000000088880000)
 Metaspace       used 50428K, capacity 51926K, committed 52224K, reserved 1093632K
  class space    used 6713K, capacity 7056K, committed 7168K, reserved 1048576K
}
Event: 20.369 GC heap before
{Heap before GC invocations=13 (full 2):
 PSYoungGen      total 278528K, used 255531K [0x00000000d5580000, 0x00000000e8800000, 0x0000000100000000)
  eden space 255488K, 91% used [0x00000000d5580000,0x00000000e3892dc8,0x00000000e4f00000)
  from space 23040K, 99% used [0x00000000e6900000,0x00000000e7f780d0,0x00000000e7f80000)
  to   space 26624K, 0% used [0x00000000e4f00000,0x00000000e4f00000,0x00000000e6900000)
 ParOldGen       total 139776K, used 33080K [0x0000000080000000, 0x0000000088880000, 0x00000000d5580000)
  object space 139776K, 23% used [0x0000000080000000,0x000000008204e3d0,0x0000000088880000)
 Metaspace       used 50442K, capacity 51990K, committed 52224K, reserved 1093632K
  class space    used 6713K, capacity 7056K, committed 7168K, reserved 1048576K
Event: 20.388 GC heap after
Heap after GC invocations=13 (full 2):
 PSYoungGen      total 282112K, used 23360K [0x00000000d5580000, 0x00000000e8800000, 0x0000000100000000)
  eden space 255488K, 0% used [0x00000000d5580000,0x00000000d5580000,0x00000000e4f00000)
  from space 26624K, 87% used [0x00000000e4f00000,0x00000000e65d0010,0x00000000e6900000)
  to   space 23040K, 0% used [0x00000000e6900000,0x00000000e6900000,0x00000000e7f80000)
 ParOldGen       total 139776K, used 39077K [0x0000000080000000, 0x0000000088880000, 0x00000000d5580000)
  object space 139776K, 27% used [0x0000000080000000,0x00000000826297f8,0x0000000088880000)
 Metaspace       used 50442K, capacity 51990K, committed 52224K, reserved 1093632K
  class space    used 6713K, capacity 7056K, committed 7168K, reserved 1048576K
}

Deoptimization events (10 events):
Event: 16.666 Thread 0x000000001a833800 Uncommon trap: reason=unstable_if action=reinterpret pc=0x00000000046b6984 method=java.math.BigInteger.bitLength()I @ 21
Event: 17.380 Thread 0x000000001a833800 Uncommon trap: reason=class_check action=maybe_recompile pc=0x00000000036a85b8 method=java.util.zip.InflaterInputStream.read([BII)I @ 100
Event: 17.380 Thread 0x000000001a833800 Uncommon trap: reason=class_check action=maybe_recompile pc=0x00000000036a85b8 method=java.util.zip.InflaterInputStream.read([BII)I @ 100
Event: 17.380 Thread 0x000000001a833800 Uncommon trap: reason=class_check action=maybe_recompile pc=0x00000000036a85b8 method=java.util.zip.InflaterInputStream.read([BII)I @ 100
Event: 17.380 Thread 0x000000001a833800 Uncommon trap: reason=class_check action=maybe_recompile pc=0x00000000036a85b8 method=java.util.zip.InflaterInputStream.read([BII)I @ 100
Event: 20.907 Thread 0x000000001a833800 Uncommon trap: reason=unstable_if action=reinterpret pc=0x0000000003967fac method=java.util.HashMap$HashIterator.<init>(Ljava/util/HashMap;)V @ 45
Event: 20.943 Thread 0x000000001a833800 Uncommon trap: reason=bimorphic action=maybe_recompile pc=0x0000000003abb72c method=com.google.common.io.ByteStreams.copy(Ljava/io/InputStream;Ljava/io/OutputStream;)J @ 20
Event: 20.956 Thread 0x000000001a833800 Uncommon trap: reason=bimorphic action=maybe_recompile pc=0x0000000003abb72c method=com.google.common.io.ByteStreams.copy(Ljava/io/InputStream;Ljava/io/OutputStream;)J @ 20
Event: 20.957 Thread 0x000000001a833800 Uncommon trap: reason=bimorphic action=maybe_recompile pc=0x0000000003abb72c method=com.google.common.io.ByteStreams.copy(Ljava/io/InputStream;Ljava/io/OutputStream;)J @ 20
Event: 20.957 Thread 0x000000001a833800 Uncommon trap: reason=bimorphic action=maybe_recompile pc=0x0000000003abb72c method=com.google.common.io.ByteStreams.copy(Ljava/io/InputStream;Ljava/io/OutputStream;)J @ 20

Internal exceptions (10 events):
Event: 12.450 Thread 0x000000001a833800 Exception <a 'java/lang/ClassNotFoundException': com/android/build/gradle/internal/tasks/ValidateSigningTaskBeanInfo> (0x00000000db596048) thrown at [C:\src\android\AOSP-openjdk\external\jetbrains\jdk\hotspot\src\share\vm\classfile\systemDictionary.cpp, li÷„∑µÊ(@
Event: 12.451 Thread 0x000000001a833800 Exception <a 'java/lang/ClassNotFoundException': com/android/build/gradle/internal/tasks/ValidateSigningTaskCustomizer> (0x00000000db5a9a28) thrown at [C:\src\android\AOSP-openjdk\external\jetbrains\jdk\hotspot\src\share\vm\classfile\systemDictionary.cpp, 
Event: 12.451 Thread 0x000000001a833800 Exception <a 'java/lang/ClassNotFoundException': com/android/build/gradle/internal/tasks/ValidateSigningTask_DecoratedCustomizer> (0x00000000db5d2840) thrown at [C:\src\android\AOSP-openjdk\external\jetbrains\jdk\hotspot\src\share\vm\classfile\systemDictio°ê∆ıÏ-@
Event: 14.963 Thread 0x000000001a833800 Implicit null exception at 0x000000000463511a to 0x000000000463516d
Event: 14.998 Thread 0x000000001cf03000 Implicit null exception at 0x00000000045d0785 to 0x00000000045d0975
Event: 14.998 Thread 0x000000001cf03000 Exception <a 'sun/nio/fs/WindowsException'> (0x00000000d6739fd0) thrown at [C:\src\android\AOSP-openjdk\external\jetbrains\jdk\hotspot\src\share\vm\prims\jni.cpp, line 709]
Event: 14.998 Thread 0x000000001cf03000 Implicit null exception at 0x00000000045d5083 to 0x00000000045d52e1
Event: 15.015 Thread 0x000000001cefd800 Exception <a 'sun/nio/fs/WindowsException'> (0x00000000d683a6e8) thrown at [C:\src\android\AOSP-openjdk\external\jetbrains\jdk\hotspot\src\share\vm\prims\jni.cpp, line 709]
Event: 15.027 Thread 0x000000001ceff000 Exception <a 'sun/nio/fs/WindowsException'> (0x00000000d693b0e8) thrown at [C:\src\android\AOSP-openjdk\external\jetbrains\jdk\hotspot\src\share\vm\prims\jni.cpp, line 709]
Event: 15.028 Thread 0x000000001cefc800 Exception <a 'sun/nio/fs/WindowsException'> (0x00000000d6a3bbc0) thrown at [C:\src\android\AOSP-openjdk\external\jetbrains\jdk\hotspot\src\share\vm\prims\jni.cpp, line 709]

Events (10 events):
Event: 21.029 loading class org/bouncycastle/asn1/DERApplicationSpecific
Event: 21.029 loading class org/bouncycastle/asn1/DERApplicationSpecific done
Event: 21.030 loading class org/bouncycastle/asn1/BEROctetString
Event: 21.030 loading class org/bouncycastle/asn1/BEROctetString done
Event: 21.030 loading class org/bouncycastle/asn1/LazyEncodedSequence
Event: 21.030 loading class org/bouncycastle/asn1/LazyEncodedSequence done
Event: 21.031 loading class org/bouncycastle/asn1/ASN1Sequence
Event: 21.031 loading class org/bouncycastle/asn1/ASN1Sequence done
Event: 21.038 loading class org/bouncycastle/asn1/ASN1Set
Event: 21.038 loading class org/bouncycastle/asn1/ASN1Set done


Dynamic libraries:
0x00007ff760250000 - 0x00007ff760281000 	C:\Program Files\Android\Android Studio\jre\bin\java.exe
0x00007ffda0260000 - 0x00007ffda0431000 	C:\WINDOWS\SYSTEM32\ntdll.dll
0x00007ffd9ffb0000 - 0x00007ffda005c000 	C:\WINDOWS\System32\KERNEL32.DLL
0x00007ffd7dfd0000 - 0x00007ffd7e003000 	C:\Program Files\AVAST Software\Avast\x64\aswhooka.dll
0x00007ffd9d1f0000 - 0x00007ffd9d40d000 	C:\WINDOWS\System32\KERNELBASE.dll
0x00007ffda0140000 - 0x00007ffda01e2000 	C:\WINDOWS\System32\ADVAPI32.dll
0x00007ffd9fd10000 - 0x00007ffd9fdae000 	C:\WINDOWS\System32\msvcrt.dll
0x00007ffd9dd60000 - 0x00007ffd9ddb9000 	C:\WINDOWS\System32\sechost.dll
0x00007ffd9fe80000 - 0x00007ffd9ffa1000 	C:\WINDOWS\System32\RPCRT4.dll
0x00007ffd9e120000 - 0x00007ffd9e285000 	C:\WINDOWS\System32\USER32.dll
0x00007ffd9d1d0000 - 0x00007ffd9d1ee000 	C:\WINDOWS\System32\win32u.dll
0x00007ffd9d850000 - 0x00007ffd9d884000 	C:\WINDOWS\System32\GDI32.dll
0x00007ffd9d410000 - 0x00007ffd9d590000 	C:\WINDOWS\System32\gdi32full.dll
0x00007ffd95580000 - 0x00007ffd957fa000 	C:\WINDOWS\WinSxS\amd64_microsoft.windows.common-controls_6595b64144ccf1df_6.0.14393.953_none_42151e83c686086b\COMCTL32.dll
0x00007ffd9e3d0000 - 0x00007ffd9e698000 	C:\WINDOWS\System32\combase.dll
0x00007ffd9d640000 - 0x00007ffd9d735000 	C:\WINDOWS\System32\ucrtbase.dll
0x00007ffd9cf40000 - 0x00007ffd9cfaa000 	C:\WINDOWS\System32\bcryptPrimitives.dll
0x00007ffd9e390000 - 0x00007ffd9e3be000 	C:\WINDOWS\System32\IMM32.DLL
0x0000000060610000 - 0x00000000606e2000 	C:\Program Files\Android\Android Studio\jre\jre\bin\msvcr100.dll
0x0000000063f70000 - 0x00000000647a4000 	C:\Program Files\Android\Android Studio\jre\jre\bin\server\jvm.dll
0x00007ffd9fdb0000 - 0x00007ffd9fdb8000 	C:\WINDOWS\System32\PSAPI.DLL
0x00007ffd938c0000 - 0x00007ffd938c9000 	C:\WINDOWS\SYSTEM32\WSOCK32.dll
0x00007ffda00d0000 - 0x00007ffda013a000 	C:\WINDOWS\System32\WS2_32.dll
0x00007ffd9ab80000 - 0x00007ffd9aba3000 	C:\WINDOWS\SYSTEM32\WINMM.dll
0x00007ffd986d0000 - 0x00007ffd986da000 	C:\WINDOWS\SYSTEM32\VERSION.dll
0x00007ffd9ab20000 - 0x00007ffd9ab4b000 	C:\WINDOWS\SYSTEM32\WINMMBASE.dll
0x00007ffd9d180000 - 0x00007ffd9d1c2000 	C:\WINDOWS\System32\cfgmgr32.dll
0x00007ffd951e0000 - 0x00007ffd951ef000 	C:\Program Files\Android\Android Studio\jre\jre\bin\verify.dll
0x00007ffd918a0000 - 0x00007ffd918c9000 	C:\Program Files\Android\Android Studio\jre\jre\bin\java.dll
0x00007ffd91880000 - 0x00007ffd91896000 	C:\Program Files\Android\Android Studio\jre\jre\bin\zip.dll
0x00007ffd9e6c0000 - 0x00007ffd9fbc8000 	C:\WINDOWS\System32\SHELL32.dll
0x00007ffd9c800000 - 0x00007ffd9ceda000 	C:\WINDOWS\System32\windows.storage.dll
0x00007ffd9c710000 - 0x00007ffd9c75c000 	C:\WINDOWS\System32\powrprof.dll
0x00007ffd9ddc0000 - 0x00007ffd9de12000 	C:\WINDOWS\System32\shlwapi.dll
0x00007ffd9c700000 - 0x00007ffd9c70f000 	C:\WINDOWS\System32\kernel.appcore.dll
0x00007ffd9d740000 - 0x00007ffd9d7e9000 	C:\WINDOWS\System32\shcore.dll
0x00007ffd9c6d0000 - 0x00007ffd9c6e4000 	C:\WINDOWS\System32\profapi.dll
0x00007ffd91860000 - 0x00007ffd9187a000 	C:\Program Files\Android\Android Studio\jre\jre\bin\net.dll
0x00007ffd9c000000 - 0x00007ffd9c05c000 	C:\WINDOWS\system32\mswsock.dll
0x00007ffd91840000 - 0x00007ffd91851000 	C:\Program Files\Android\Android Studio\jre\jre\bin\nio.dll
0x00007ffd91720000 - 0x00007ffd91732000 	C:\Users\David\.gradle\native\19\windows-amd64\native-platform.dll
0x00007ffd9c1a0000 - 0x00007ffd9c1b7000 	C:\WINDOWS\SYSTEM32\CRYPTSP.dll
0x00007ffd9bba0000 - 0x00007ffd9bbd3000 	C:\WINDOWS\system32\rsaenh.dll
0x00007ffd9c610000 - 0x00007ffd9c63b000 	C:\WINDOWS\SYSTEM32\bcrypt.dll
0x00007ffd9be80000 - 0x00007ffd9be9f000 	C:\WINDOWS\SYSTEM32\USERENV.dll
0x00007ffd9c1c0000 - 0x00007ffd9c1cb000 	C:\WINDOWS\SYSTEM32\CRYPTBASE.dll
0x00007ffd9bd80000 - 0x00007ffd9bdb8000 	C:\WINDOWS\SYSTEM32\IPHLPAPI.DLL
0x00007ffda0250000 - 0x00007ffda0258000 	C:\WINDOWS\System32\NSI.dll
0x00007ffd96900000 - 0x00007ffd96916000 	C:\WINDOWS\SYSTEM32\dhcpcsvc6.DLL
0x00007ffd96820000 - 0x00007ffd9683a000 	C:\WINDOWS\SYSTEM32\dhcpcsvc.DLL
0x00007ffd91830000 - 0x00007ffd9183d000 	C:\Program Files\Android\Android Studio\jre\jre\bin\management.dll
0x00007ffd9ba70000 - 0x00007ffd9baa2000 	C:\WINDOWS\SYSTEM32\ntmarta.dll

VM Arguments:
jvm_args: -Xmx2048m -Dfile.encoding=windows-1252 -Duser.country=US -Duser.language=en -Duser.variant 
java_command: org.gradle.launcher.daemon.bootstrap.GradleDaemon 2.14.1
java_class_path (initial): C:\Users\David\.gradle\wrapper\dists\gradle-2.14.1-all\53l0mv9mggp9q5m2ip574m21oh\gradle-2.14.1\lib\gradle-launcher-2.14.1.jar
Launcher Type: SUN_STANDARD

Environment Variables:
JAVA_HOME=C:\Program Files\Android\Android Studio\jre
CLASSPATH=L:\DropBox\Dropbox\KMOS\ionicapps\kmos4\platforms\android\\gradle\wrapper\gradle-wrapper.jar
PATH=C:\ProgramData\Oracle\Java\javapath;C:\WINDOWS\system32;C:\WINDOWS;C:\WINDOWS\System32\Wbem;C:\WINDOWS\System32\WindowsPowerShell\v1.0\;C:\Program Files\Git\cmd;C:\Program Files\dotnet\;C:\Program Files (x86)\Skype\Phone\;C:\Ruby23-x64\bin;C:\Users\David\AppData\Roaming\npm;C:\Users\David\AppData\Local\atom\bin;C:\Users\David\AppData\Local\Microsoft\WindowsApps;C:\Users\David\AppData\Local\Android\sdk\tools;C:\Users\David\AppData\Local\Android\sdk\platform-tools;C:\Program Files\nodejs\;C:\Ruby23-x64\bin;C:\Users\David\AppData\Local\atom\bin;C:\Users\David\AppData\Local\Microsoft\WindowsApps;C:\Users\David\AppData\Local\Android\sdk\tools;C:\Users\David\AppData\Local\Android\sdk\platform-tools;C:\Users\David\AppData\Local\.meteor\;c:\ffmpeg\bin;C:\Users\David\AppData\Roaming\npm;C:\Program Files\Android\Android Studio\jre\bin
USERNAME=David
OS=Windows_NT
PROCESSOR_IDENTIFIER=Intel64 Family 6 Model 42 Stepping 7, GenuineIntel



---------------  S Y S T E M  ---------------

OS: Windows 10.0 , 64 bit Build 14393 (10.0.14393.1198)

CPU:total 4 (4 cores per cpu, 1 threads per core) family 6 model 42 stepping 7, cmov, cx8, fxsr, mmx, sse, sse2, sse3, ssse3, sse4.1, sse4.2, popcnt, avx, aes, clmul, tsc, tscinvbit

Memory: 4k page, physical 14636080k(2101284k free), swap 29224364k(3900k free)

vm_info: OpenJDK 64-Bit Server VM (25.76-b03) for windows-amd64 JRE (1.8.0_76-release-b03), built on Jun 29 2016 19:09:20 by "ralucas" with MS VC++ 10.0 (VS2010)

time: Tue Jul 04 14:41:57 2017
elapsed time: 21 seconds (0d 0h 0m 21s)

