#
# A fatal error has been detected by the Java Runtime Environment:
#
#  EXCEPTION_STACK_OVERFLOW (0xc00000fd) at pc=0x000000006ba3b947, pid=24704, tid=0x000000000000321c
#
# JRE version: OpenJDK Runtime Environment (8.0_112-b06) (build 1.8.0_112-release-b06)
# Java VM: OpenJDK 64-Bit Server VM (25.112-b06 mixed mode windows-amd64 compressed oops)
# Problematic frame:
# V  [jvm.dll+0x1eb947]
#
# Failed to write core dump. Minidumps are not enabled by default on client versions of Windows
#
# If you would like to submit a bug report, please visit:
#   http://bugreport.java.com/bugreport/crash.jsp
#

---------------  T H R E A D  ---------------

Current thread (0x000000002008c800):  JavaThread "pool-9-thread-5" [_thread_in_vm, id=12828, stack(0x0000000026750000,0x0000000026850000)]

siginfo: ExceptionCode=0xc00000fd, ExceptionInformation=0x0000000000000001 0x000000002684afe0 

Registers:
RAX=0x000000002684afe0, RBX=0x0000000000000005, RCX=0x0000000000004000, RDX=0x0000000000000006
RSP=0x000000002684efe0, RBP=0x0000000000000000, RSI=0x000000002684efe0, RDI=0x0000000000000005
R8 =0x0000000000000006, R9 =0x000000001c8a04d0, R10=0x000000001705d8f0, R11=0x000000002675a148
R12=0x000000001c8a04d0, R13=0x000000002008c800, R14=0x000000002684f0a8, R15=0x000000001705d8f0
RIP=0x000000006ba3b947, EFLAGS=0x0000000000010202

Top of Stack: (sp=0x000000002684efe0)
0x000000002684efe0:   000098333643fccf 000000006b0a4e7e
0x000000002684eff0:   000000002008c800 000000001c8a04d0
0x000000002684f000:   00000000ffffffff 000000006ba3c877
0x000000002684f010:   000000002684f110 000000001705d8f0
0x000000002684f020:   000000002008c800 000000006b8eae33
0x000000002684f030:   000000002684f070 000000002008c800
0x000000002684f040:   000000002684f100 000000002008c800
0x000000002684f050:   000000001705d8f0 000000002008c800
0x000000002684f060:   0000000002dc2f40 000000002008c800
0x000000002684f070:   000000001705d8f0 000000002008c800
0x000000002684f080:   000000001705d8f0 000000002008c800
0x000000002684f090:   0000000000000001 000000001705d8f0
0x000000002684f0a0:   000000002008c800 000000001b0ec030
0x000000002684f0b0:   000000002008c800 000000006b8ec31d
0x000000002684f0c0:   000000002684f3c8 00000001000066b0
0x000000002684f0d0:   00000001000066b0 00000000ffffffff 

Instructions: (pc=0x000000006ba3b947)
0x000000006ba3b927:   48 89 6c 24 30 33 ed 66 90 e8 cb b8 07 00 ff c3
0x000000006ba3b937:   48 63 c8 48 8b c6 48 0f af cf 48 ff c7 48 2b c1
0x000000006ba3b947:   89 28 48 63 c3 48 3b 05 45 2c 57 00 7e db 48 8b
0x000000006ba3b957:   6c 24 30 48 8b 5c 24 38 48 8b 74 24 40 48 83 c4 


Register to memory mapping:

RAX=0x000000002684afe0 is pointing into the stack for thread: 0x000000002008c800
RBX=0x0000000000000005 is an unknown value
RCX=0x0000000000004000 is an unknown value
RDX=0x0000000000000006 is an unknown value
RSP=0x000000002684efe0 is pointing into the stack for thread: 0x000000002008c800
RBP=0x0000000000000000 is an unknown value
RSI=0x000000002684efe0 is pointing into the stack for thread: 0x000000002008c800
RDI=0x0000000000000005 is an unknown value
R8 =0x0000000000000006 is an unknown value
R9 =0x000000001c8a04d0 is an unknown value
R10={method} {0x000000001705d8f8} 'run' '()V' in 'java/lang/Thread'
R11=0x000000002675a148 is pointing into the stack for thread: 0x000000002008c800
R12=0x000000001c8a04d0 is an unknown value
R13=0x000000002008c800 is a thread
R14=0x000000002684f0a8 is pointing into the stack for thread: 0x000000002008c800
R15={method} {0x000000001705d8f8} 'run' '()V' in 'java/lang/Thread'


Stack: [0x0000000026750000,0x0000000026850000],  sp=0x000000002684efe0,  free space=1019k
Native frames: (J=compiled Java code, j=interpreted, Vv=VM code, C=native code)


---------------  P R O C E S S  ---------------

Java Threads: ( => current thread )
=>0x000000002008c800 JavaThread "pool-9-thread-5" [_thread_in_vm, id=12828, stack(0x0000000026750000,0x0000000026850000)]
  0x000000001eeaa000 JavaThread "pool-4-thread-2" [_thread_blocked, id=25484, stack(0x0000000026250000,0x0000000026350000)]
  0x000000001eead800 JavaThread "pool-4-thread-1" [_thread_blocked, id=25424, stack(0x0000000025a50000,0x0000000025b50000)]
  0x000000001eea7000 JavaThread "pool-3-thread-4" [_thread_blocked, id=25420, stack(0x0000000025950000,0x0000000025a50000)]
  0x000000001eeac800 JavaThread "pool-3-thread-3" [_thread_blocked, id=25368, stack(0x0000000025750000,0x0000000025850000)]
  0x000000001eeab800 JavaThread "pool-3-thread-2" [_thread_blocked, id=25364, stack(0x0000000025650000,0x0000000025750000)]
  0x000000001eea9800 JavaThread "pool-3-thread-1" [_thread_blocked, id=25360, stack(0x0000000022700000,0x0000000022800000)]
  0x000000001eea8800 JavaThread "Cache update executor" [_thread_blocked, id=25048, stack(0x000000001fae0000,0x000000001fbe0000)]
  0x000000001e2fe800 JavaThread "File lock request listener" [_thread_in_native, id=24952, stack(0x000000001e940000,0x000000001ea40000)]
  0x000000001a446800 JavaThread "Stdin handler" [_thread_blocked, id=24848, stack(0x000000001c0a0000,0x000000001c1a0000)]
  0x000000001a43b800 JavaThread "Asynchronous log dispatcher for DefaultDaemonConnection: socket connection from /127.0.0.1:6744 to /127.0.0.1:6746" [_thread_blocked, id=24844, stack(0x000000001bfa0000,0x000000001c0a0000)]
  0x000000001aa1b800 JavaThread "Daemon worker" [_thread_in_native, id=24832, stack(0x000000001bea0000,0x000000001bfa0000)]
  0x000000001aaf1800 JavaThread "Cancel handler" [_thread_blocked, id=24824, stack(0x000000001bda0000,0x000000001bea0000)]
  0x000000001aa16800 JavaThread "pool-1-thread-1" [_thread_blocked, id=24820, stack(0x000000001bca0000,0x000000001bda0000)]
  0x000000001a655000 JavaThread "Handler for socket connection from /127.0.0.1:6744 to /127.0.0.1:6746" [_thread_in_native, id=24816, stack(0x000000001bba0000,0x000000001bca0000)]
  0x000000001a2b8800 JavaThread "Daemon" [_thread_blocked, id=24812, stack(0x000000001baa0000,0x000000001bba0000)]
  0x000000001a500800 JavaThread "Incoming local TCP Connector on port 6744" [_thread_in_native, id=24804, stack(0x000000001b0f0000,0x000000001b1f0000)]
  0x000000001934e000 JavaThread "Service Thread" daemon [_thread_blocked, id=24792, stack(0x0000000019720000,0x0000000019820000)]
  0x00000000179d4800 JavaThread "C1 CompilerThread2" daemon [_thread_blocked, id=24788, stack(0x0000000019220000,0x0000000019320000)]
  0x00000000179cd000 JavaThread "C2 CompilerThread1" daemon [_thread_blocked, id=24784, stack(0x0000000019120000,0x0000000019220000)]
  0x00000000179cb000 JavaThread "C2 CompilerThread0" daemon [_thread_blocked, id=24780, stack(0x0000000019020000,0x0000000019120000)]
  0x00000000179c9800 JavaThread "Attach Listener" daemon [_thread_blocked, id=24776, stack(0x0000000018f20000,0x0000000019020000)]
  0x00000000179db000 JavaThread "Signal Dispatcher" daemon [_thread_blocked, id=24772, stack(0x0000000018e20000,0x0000000018f20000)]
  0x00000000179be000 JavaThread "Finalizer" daemon [_thread_blocked, id=24768, stack(0x0000000018c30000,0x0000000018d30000)]
  0x0000000002d52000 JavaThread "Reference Handler" daemon [_thread_blocked, id=24764, stack(0x0000000018b30000,0x0000000018c30000)]
  0x0000000002dae800 JavaThread "main" [_thread_blocked, id=24740, stack(0x0000000001360000,0x0000000001460000)]

Other Threads:
  0x0000000017996000 VMThread [stack: 0x0000000018a30000,0x0000000018b30000] [id=24760]
  0x000000001934e800 WatcherThread [stack: 0x0000000019820000,0x0000000019920000] [id=24796]

VM state:not at safepoint (normal execution)

VM Mutex/Monitor currently owned by a thread: None

Heap:
 PSYoungGen      total 333312K, used 122917K [0x00000000d5580000, 0x00000000f5e00000, 0x0000000100000000)
  eden space 314368K, 33% used [0x00000000d5580000,0x00000000dbb0cff0,0x00000000e8880000)
  from space 18944K, 99% used [0x00000000ea780000,0x00000000eb9fc620,0x00000000eba00000)
  to   space 31744K, 0% used [0x00000000e8880000,0x00000000e8880000,0x00000000ea780000)
 ParOldGen       total 138752K, used 53762K [0x0000000080000000, 0x0000000088780000, 0x00000000d5580000)
  object space 138752K, 38% used [0x0000000080000000,0x0000000083480858,0x0000000088780000)
 Metaspace       used 72736K, capacity 74452K, committed 74624K, reserved 1114112K
  class space    used 9096K, capacity 9515K, committed 9600K, reserved 1048576K

Card table byte_map: [0x0000000012170000,0x0000000012580000] byte_map_base: 0x0000000011d70000

Marking Bits: (ParMarkBitMap*) 0x000000006c0118f0
 Begin Bits: [0x0000000012c30000, 0x0000000014c30000)
 End Bits:   [0x0000000014c30000, 0x0000000016c30000)

Polling page: 0x0000000001120000

CodeCache: size=245760Kb used=38175Kb max_used=38920Kb free=207584Kb
 bounds [0x0000000002db0000, 0x00000000053f0000, 0x0000000011db0000]
 total_blobs=11443 nmethods=10643 adapters=711
 compilation: enabled

Compilation events (10 events):
Event: 29.573 Thread 0x00000000179d4800 nmethod 12599 0x0000000004dffe50 code [0x0000000004dfffc0, 0x0000000004e00168]
Event: 29.573 Thread 0x00000000179d4800 12600       3       com.esotericsoftware.kryo.io.Output::writeInt (81 bytes)
Event: 29.574 Thread 0x00000000179cd000 nmethod 12601 0x00000000041cd390 code [0x00000000041cd4c0, 0x00000000041cd5b8]
Event: 29.574 Thread 0x00000000179d4800 nmethod 12600 0x000000000432ee50 code [0x000000000432efc0, 0x000000000432f228]
Event: 29.574 Thread 0x00000000179d4800 12602       3       org.gradle.internal.io.StreamByteBuffer::hasRemaining (17 bytes)
Event: 29.577 Thread 0x00000000179d4800 nmethod 12602 0x0000000004217ad0 code [0x0000000004217c40, 0x0000000004217f70]
Event: 29.578 Thread 0x00000000179d4800 12603       3       org.gradle.internal.serialize.AbstractCollectionSerializer::writeValues (52 bytes)
Event: 29.578 Thread 0x00000000179d4800 nmethod 12603 0x000000000432be10 code [0x000000000432bfe0, 0x000000000432c678]
Event: 29.580 Thread 0x00000000179d4800 12604       3       java.util.zip.CRC32::getValue (10 bytes)
Event: 29.580 Thread 0x00000000179d4800 nmethod 12604 0x0000000004202810 code [0x0000000004202960, 0x0000000004202ad0]

GC Heap History (10 events):
Event: 10.595 GC heap before
{Heap before GC invocations=9 (full 2):
 PSYoungGen      total 205312K, used 190976K [0x00000000d5580000, 0x00000000e3880000, 0x0000000100000000)
  eden space 190976K, 100% used [0x00000000d5580000,0x00000000e1000000,0x00000000e1000000)
  from space 14336K, 0% used [0x00000000e1f00000,0x00000000e1f00000,0x00000000e2d00000)
  to   space 15360K, 0% used [0x00000000e1000000,0x00000000e1000000,0x00000000e1f00000)
 ParOldGen       total 103424K, used 17736K [0x0000000080000000, 0x0000000086500000, 0x00000000d5580000)
  object space 103424K, 17% used [0x0000000080000000,0x0000000081152260,0x0000000086500000)
 Metaspace       used 46935K, capacity 48120K, committed 48256K, reserved 1091584K
  class space    used 6413K, capacity 6729K, committed 6784K, reserved 1048576K
Event: 10.620 GC heap after
Heap after GC invocations=9 (full 2):
 PSYoungGen      total 206336K, used 15351K [0x00000000d5580000, 0x00000000eba00000, 0x0000000100000000)
  eden space 190976K, 0% used [0x00000000d5580000,0x00000000d5580000,0x00000000e1000000)
  from space 15360K, 99% used [0x00000000e1000000,0x00000000e1efdc90,0x00000000e1f00000)
  to   space 18944K, 0% used [0x00000000ea780000,0x00000000ea780000,0x00000000eba00000)
 ParOldGen       total 103424K, used 20935K [0x0000000080000000, 0x0000000086500000, 0x00000000d5580000)
  object space 103424K, 20% used [0x0000000080000000,0x0000000081471f58,0x0000000086500000)
 Metaspace       used 46935K, capacity 48120K, committed 48256K, reserved 1091584K
  class space    used 6413K, capacity 6729K, committed 6784K, reserved 1048576K
}
Event: 17.027 GC heap before
{Heap before GC invocations=10 (full 2):
 PSYoungGen      total 206336K, used 206327K [0x00000000d5580000, 0x00000000eba00000, 0x0000000100000000)
  eden space 190976K, 100% used [0x00000000d5580000,0x00000000e1000000,0x00000000e1000000)
  from space 15360K, 99% used [0x00000000e1000000,0x00000000e1efdc90,0x00000000e1f00000)
  to   space 18944K, 0% used [0x00000000ea780000,0x00000000ea780000,0x00000000eba00000)
 ParOldGen       total 103424K, used 20935K [0x0000000080000000, 0x0000000086500000, 0x00000000d5580000)
  object space 103424K, 20% used [0x0000000080000000,0x0000000081471f58,0x0000000086500000)
 Metaspace       used 57263K, capacity 58866K, committed 59008K, reserved 1099776K
  class space    used 7627K, capacity 8054K, committed 8064K, reserved 1048576K
Event: 17.055 GC heap after
Heap after GC invocations=10 (full 2):
 PSYoungGen      total 335360K, used 18941K [0x00000000d5580000, 0x00000000ebc80000, 0x0000000100000000)
  eden space 316416K, 0% used [0x00000000d5580000,0x00000000d5580000,0x00000000e8a80000)
  from space 18944K, 99% used [0x00000000ea780000,0x00000000eb9ff530,0x00000000eba00000)
  to   space 25600K, 0% used [0x00000000e8a80000,0x00000000e8a80000,0x00000000ea380000)
 ParOldGen       total 103424K, used 30380K [0x0000000080000000, 0x0000000086500000, 0x00000000d5580000)
  object space 103424K, 29% used [0x0000000080000000,0x0000000081dab280,0x0000000086500000)
 Metaspace       used 57263K, capacity 58866K, committed 59008K, reserved 1099776K
  class space    used 7627K, capacity 8054K, committed 8064K, reserved 1048576K
}
Event: 17.076 GC heap before
{Heap before GC invocations=11 (full 2):
 PSYoungGen      total 335360K, used 25103K [0x00000000d5580000, 0x00000000ebc80000, 0x0000000100000000)
  eden space 316416K, 1% used [0x00000000d5580000,0x00000000d5b84930,0x00000000e8a80000)
  from space 18944K, 99% used [0x00000000ea780000,0x00000000eb9ff530,0x00000000eba00000)
  to   space 25600K, 0% used [0x00000000e8a80000,0x00000000e8a80000,0x00000000ea380000)
 ParOldGen       total 103424K, used 30380K [0x0000000080000000, 0x0000000086500000, 0x00000000d5580000)
  object space 103424K, 29% used [0x0000000080000000,0x0000000081dab280,0x0000000086500000)
 Metaspace       used 57476K, capacity 59058K, committed 59096K, reserved 1099776K
  class space    used 7651K, capacity 8054K, committed 8064K, reserved 1048576K
Event: 17.094 GC heap after
Heap after GC invocations=11 (full 2):
 PSYoungGen      total 342016K, used 19186K [0x00000000d5580000, 0x00000000ebc80000, 0x0000000100000000)
  eden space 316416K, 0% used [0x00000000d5580000,0x00000000d5580000,0x00000000e8a80000)
  from space 25600K, 74% used [0x00000000e8a80000,0x00000000e9d3cbf0,0x00000000ea380000)
  to   space 18944K, 0% used [0x00000000ea780000,0x00000000ea780000,0x00000000eba00000)
 ParOldGen       total 103424K, used 30380K [0x0000000080000000, 0x0000000086500000, 0x00000000d5580000)
  object space 103424K, 29% used [0x0000000080000000,0x0000000081dab280,0x0000000086500000)
 Metaspace       used 57476K, capacity 59058K, committed 59096K, reserved 1099776K
  class space    used 7651K, capacity 8054K, committed 8064K, reserved 1048576K
}
Event: 17.094 GC heap before
{Heap before GC invocations=12 (full 3):
 PSYoungGen      total 342016K, used 19186K [0x00000000d5580000, 0x00000000ebc80000, 0x0000000100000000)
  eden space 316416K, 0% used [0x00000000d5580000,0x00000000d5580000,0x00000000e8a80000)
  from space 25600K, 74% used [0x00000000e8a80000,0x00000000e9d3cbf0,0x00000000ea380000)
  to   space 18944K, 0% used [0x00000000ea780000,0x00000000ea780000,0x00000000eba00000)
 ParOldGen       total 103424K, used 30380K [0x0000000080000000, 0x0000000086500000, 0x00000000d5580000)
  object space 103424K, 29% used [0x0000000080000000,0x0000000081dab280,0x0000000086500000)
 Metaspace       used 57476K, capacity 59058K, committed 59096K, reserved 1099776K
  class space    used 7651K, capacity 8054K, committed 8064K, reserved 1048576K
Event: 17.451 GC heap after
Heap after GC invocations=12 (full 3):
 PSYoungGen      total 342016K, used 0K [0x00000000d5580000, 0x00000000ebc80000, 0x0000000100000000)
  eden space 316416K, 0% used [0x00000000d5580000,0x00000000d5580000,0x00000000e8a80000)
  from space 25600K, 0% used [0x00000000e8a80000,0x00000000e8a80000,0x00000000ea380000)
  to   space 18944K, 0% used [0x00000000ea780000,0x00000000ea780000,0x00000000eba00000)
 ParOldGen       total 138752K, used 41575K [0x0000000080000000, 0x0000000088780000, 0x00000000d5580000)
  object space 138752K, 29% used [0x0000000080000000,0x0000000082899ef8,0x0000000088780000)
 Metaspace       used 57476K, capacity 59058K, committed 59096K, reserved 1099776K
  class space    used 7651K, capacity 8054K, committed 8064K, reserved 1048576K
}
Event: 26.835 GC heap before
{Heap before GC invocations=13 (full 3):
 PSYoungGen      total 342016K, used 316416K [0x00000000d5580000, 0x00000000ebc80000, 0x0000000100000000)
  eden space 316416K, 100% used [0x00000000d5580000,0x00000000e8a80000,0x00000000e8a80000)
  from space 25600K, 0% used [0x00000000e8a80000,0x00000000e8a80000,0x00000000ea380000)
  to   space 18944K, 0% used [0x00000000ea780000,0x00000000ea780000,0x00000000eba00000)
 ParOldGen       total 138752K, used 41575K [0x0000000080000000, 0x0000000088780000, 0x00000000d5580000)
  object space 138752K, 29% used [0x0000000080000000,0x0000000082899ef8,0x0000000088780000)
 Metaspace       used 70837K, capacity 72516K, committed 72832K, reserved 1112064K
  class space    used 8882K, capacity 9331K, committed 9344K, reserved 1048576K
Event: 26.864 GC heap after
Heap after GC invocations=13 (full 3):
 PSYoungGen      total 333312K, used 18929K [0x00000000d5580000, 0x00000000f5e00000, 0x0000000100000000)
  eden space 314368K, 0% used [0x00000000d5580000,0x00000000d5580000,0x00000000e8880000)
  from space 18944K, 99% used [0x00000000ea780000,0x00000000eb9fc620,0x00000000eba00000)
  to   space 31744K, 0% used [0x00000000e8880000,0x00000000e8880000,0x00000000ea780000)
 ParOldGen       total 138752K, used 53762K [0x0000000080000000, 0x0000000088780000, 0x00000000d5580000)
  object space 138752K, 38% used [0x0000000080000000,0x0000000083480858,0x0000000088780000)
 Metaspace       used 70837K, capacity 72516K, committed 72832K, reserved 1112064K
  class space    used 8882K, capacity 9331K, committed 9344K, reserved 1048576K
}

Deoptimization events (10 events):
Event: 27.824 Thread 0x000000001aa1b800 Uncommon trap: reason=class_check action=maybe_recompile pc=0x0000000004de1c8c method=java.util.regex.Pattern$CharProperty$1.isSatisfiedBy(I)Z @ 5
Event: 27.825 Thread 0x000000001aa1b800 Uncommon trap: reason=class_check action=maybe_recompile pc=0x0000000004de1c8c method=java.util.regex.Pattern$CharProperty$1.isSatisfiedBy(I)Z @ 5
Event: 27.825 Thread 0x000000001aa1b800 Uncommon trap: reason=class_check action=maybe_recompile pc=0x0000000004de1c8c method=java.util.regex.Pattern$CharProperty$1.isSatisfiedBy(I)Z @ 5
Event: 27.825 Thread 0x000000001aa1b800 Uncommon trap: reason=class_check action=maybe_recompile pc=0x0000000004de1c8c method=java.util.regex.Pattern$CharProperty$1.isSatisfiedBy(I)Z @ 5
Event: 28.652 Thread 0x000000001aa1b800 Uncommon trap: reason=unstable_if action=reinterpret pc=0x00000000036376fc method=java.lang.String$CaseInsensitiveComparator.compare(Ljava/lang/String;Ljava/lang/String;)I @ 70
Event: 28.846 Thread 0x000000001aa1b800 Uncommon trap: reason=bimorphic action=maybe_recompile pc=0x00000000050ed148 method=java.nio.charset.CharsetDecoder.reset()Ljava/nio/charset/CharsetDecoder; @ 1
Event: 28.846 Thread 0x000000001aa1b800 Uncommon trap: reason=bimorphic action=maybe_recompile pc=0x00000000050ed148 method=java.nio.charset.CharsetDecoder.reset()Ljava/nio/charset/CharsetDecoder; @ 1
Event: 28.868 Thread 0x000000001aa1b800 Uncommon trap: reason=bimorphic action=maybe_recompile pc=0x00000000050ed148 method=java.nio.charset.CharsetDecoder.reset()Ljava/nio/charset/CharsetDecoder; @ 1
Event: 28.868 Thread 0x000000001aa1b800 Uncommon trap: reason=bimorphic action=maybe_recompile pc=0x00000000050ed148 method=java.nio.charset.CharsetDecoder.reset()Ljava/nio/charset/CharsetDecoder; @ 1
Event: 28.983 Thread 0x000000001aa1b800 Uncommon trap: reason=unstable_if action=reinterpret pc=0x000000000529f4d8 method=java.util.TreeMap.deleteEntry(Ljava/util/TreeMap$Entry;)V @ 207

Internal exceptions (10 events):
Event: 24.979 Thread 0x000000001eeab800 Exception <a 'sun/nio/fs/WindowsException'> (0x00000000e0ef4790) thrown at [C:\src\android\AOSP-openjdk\external\jetbrains\jdk\hotspot\src\share\vm\prims\jni.cpp, line 709]
Event: 24.979 Thread 0x000000001eeab800 Exception <a 'sun/nio/fs/WindowsException'> (0x00000000e0ef5008) thrown at [C:\src\android\AOSP-openjdk\external\jetbrains\jdk\hotspot\src\share\vm\prims\jni.cpp, line 709]
Event: 24.979 Thread 0x000000001eeac800 Exception <a 'sun/nio/fs/WindowsException'> (0x00000000e1080090) thrown at [C:\src\android\AOSP-openjdk\external\jetbrains\jdk\hotspot\src\share\vm\prims\jni.cpp, line 709]
Event: 25.939 Thread 0x000000001aea9800 Implicit null exception at 0x00000000041ee122 to 0x00000000041ee212
Event: 26.132 Thread 0x000000001aea9800 Implicit null exception at 0x00000000042d22b4 to 0x00000000042d3a49
Event: 27.287 Thread 0x000000001eeaa000 Implicit null exception at 0x0000000003ec6cd3 to 0x0000000003ec6ea9
Event: 29.553 Thread 0x000000001eea8000 Exception <a 'java/lang/OutOfMemoryError'> (0x00000000db7b8580) thrown at [C:\src\android\AOSP-openjdk\external\jetbrains\jdk\hotspot\src\share\vm\prims\jni.cpp, line 735]
Event: 29.554 Thread 0x0000000020c92000 Exception <a 'java/lang/OutOfMemoryError'> (0x00000000db86d058) thrown at [C:\src\android\AOSP-openjdk\external\jetbrains\jdk\hotspot\src\share\vm\prims\jni.cpp, line 735]
Event: 29.568 Thread 0x000000001f441800 Exception <a 'java/lang/OutOfMemoryError'> (0x00000000db96dde8) thrown at [C:\src\android\AOSP-openjdk\external\jetbrains\jdk\hotspot\src\share\vm\prims\jni.cpp, line 735]
Event: 29.569 Thread 0x000000001eea8000 Exception <a 'java/lang/OutOfMemoryError'> (0x00000000dba2c7e8) thrown at [C:\src\android\AOSP-openjdk\external\jetbrains\jdk\hotspot\src\share\vm\prims\jni.cpp, line 735]

Events (10 events):
Event: 29.573 Thread 0x00000000179d4800 flushing nmethod 0x0000000004984650
Event: 29.573 Thread 0x00000000179d4800 flushing nmethod 0x0000000004a4ad90
Event: 29.573 Thread 0x00000000179d4800 flushing nmethod 0x0000000004a70510
Event: 29.574 Thread 0x00000000179cd000 flushing nmethod 0x0000000004dd9750
Event: 29.574 Thread 0x00000000179cd000 flushing nmethod 0x0000000004e01150
Event: 29.574 Thread 0x00000000179cd000 flushing nmethod 0x0000000004ece0d0
Event: 29.575 Executing VM operation: RevokeBias
Event: 29.577 Executing VM operation: RevokeBias done
Event: 29.577 Thread 0x000000001eea8000 Thread exited: 0x000000001eea8000
Event: 29.578 Thread 0x00000000179d4800 flushing nmethod 0x00000000050cb450


Dynamic libraries:
0x00007ff7f2a50000 - 0x00007ff7f2a81000 	C:\Program Files\Android\Android Studio\jre\bin\java.exe
0x00007ffdb1d50000 - 0x00007ffdb1f2b000 	C:\WINDOWS\SYSTEM32\ntdll.dll
0x00007ffd9a640000 - 0x00007ffd9a673000 	C:\Program Files\AVAST Software\Avast\x64\aswhooka.dll
0x00007ffdb1ca0000 - 0x00007ffdb1d4e000 	C:\WINDOWS\System32\KERNEL32.DLL
0x00007ffdae410000 - 0x00007ffdae659000 	C:\WINDOWS\System32\KERNELBASE.dll
0x00007ffdaf490000 - 0x00007ffdaf531000 	C:\WINDOWS\System32\ADVAPI32.dll
0x00007ffdaf3f0000 - 0x00007ffdaf48d000 	C:\WINDOWS\System32\msvcrt.dll
0x00007ffdaf2b0000 - 0x00007ffdaf309000 	C:\WINDOWS\System32\sechost.dll
0x00007ffdb15c0000 - 0x00007ffdb16e5000 	C:\WINDOWS\System32\RPCRT4.dll
0x00007ffdb0fe0000 - 0x00007ffdb112a000 	C:\WINDOWS\System32\USER32.dll
0x00007ffdaf230000 - 0x00007ffdaf24e000 	C:\WINDOWS\System32\win32u.dll
0x00007ffdaf950000 - 0x00007ffdaf977000 	C:\WINDOWS\System32\GDI32.dll
0x00007ffdaed60000 - 0x00007ffdaeee7000 	C:\WINDOWS\System32\gdi32full.dll
0x00007ffdae270000 - 0x00007ffdae30a000 	C:\WINDOWS\System32\msvcp_win.dll
0x00007ffdaeef0000 - 0x00007ffdaefe6000 	C:\WINDOWS\System32\ucrtbase.dll
0x00007ffda5ad0000 - 0x00007ffda5d37000 	C:\WINDOWS\WinSxS\amd64_microsoft.windows.common-controls_6595b64144ccf1df_6.0.15063.483_none_26002d27e7c744a2\COMCTL32.dll
0x00007ffdb12c0000 - 0x00007ffdb15b9000 	C:\WINDOWS\System32\combase.dll
0x00007ffdaf1c0000 - 0x00007ffdaf22a000 	C:\WINDOWS\System32\bcryptPrimitives.dll
0x00007ffdb1290000 - 0x00007ffdb12bd000 	C:\WINDOWS\System32\IMM32.DLL
0x000000006b050000 - 0x000000006b122000 	C:\Program Files\Android\Android Studio\jre\jre\bin\msvcr100.dll
0x000000006b850000 - 0x000000006c08c000 	C:\Program Files\Android\Android Studio\jre\jre\bin\server\jvm.dll
0x00007ffdb1c90000 - 0x00007ffdb1c98000 	C:\WINDOWS\System32\PSAPI.DLL
0x00007ffda30b0000 - 0x00007ffda30b9000 	C:\WINDOWS\SYSTEM32\WSOCK32.dll
0x00007ffdb16f0000 - 0x00007ffdb175c000 	C:\WINDOWS\System32\WS2_32.dll
0x00007ffda5f50000 - 0x00007ffda5f73000 	C:\WINDOWS\SYSTEM32\WINMM.dll
0x00007ffdaac10000 - 0x00007ffdaac1a000 	C:\WINDOWS\SYSTEM32\VERSION.dll
0x00007ffda5e60000 - 0x00007ffda5e8b000 	C:\WINDOWS\SYSTEM32\WINMMBASE.dll
0x00007ffdae3c0000 - 0x00007ffdae409000 	C:\WINDOWS\System32\cfgmgr32.dll
0x00007ffd9ffd0000 - 0x00007ffd9ffdf000 	C:\Program Files\Android\Android Studio\jre\jre\bin\verify.dll
0x00007ffd89bb0000 - 0x00007ffd89bd9000 	C:\Program Files\Android\Android Studio\jre\jre\bin\java.dll
0x00007ffd95210000 - 0x00007ffd95226000 	C:\Program Files\Android\Android Studio\jre\jre\bin\zip.dll
0x00007ffdaf980000 - 0x00007ffdb0db6000 	C:\WINDOWS\System32\SHELL32.dll
0x00007ffdb0f30000 - 0x00007ffdb0fda000 	C:\WINDOWS\System32\shcore.dll
0x00007ffdae660000 - 0x00007ffdaed51000 	C:\WINDOWS\System32\windows.storage.dll
0x00007ffdb1760000 - 0x00007ffdb17b1000 	C:\WINDOWS\System32\shlwapi.dll
0x00007ffdae200000 - 0x00007ffdae211000 	C:\WINDOWS\System32\kernel.appcore.dll
0x00007ffdae220000 - 0x00007ffdae26c000 	C:\WINDOWS\System32\powrprof.dll
0x00007ffdae1e0000 - 0x00007ffdae1f5000 	C:\WINDOWS\System32\profapi.dll
0x00007ffd94f50000 - 0x00007ffd94f6a000 	C:\Program Files\Android\Android Studio\jre\jre\bin\net.dll
0x00007ffdada70000 - 0x00007ffdadacc000 	C:\WINDOWS\system32\mswsock.dll
0x00007ffd8e350000 - 0x00007ffd8e361000 	C:\Program Files\Android\Android Studio\jre\jre\bin\nio.dll
0x00007ffda1bc0000 - 0x00007ffda1bde000 	C:\Users\David\.gradle\native\23\windows-amd64\native-platform.dll
0x00007ffdadc10000 - 0x00007ffdadc27000 	C:\WINDOWS\SYSTEM32\CRYPTSP.dll
0x00007ffdad690000 - 0x00007ffdad6c4000 	C:\WINDOWS\system32\rsaenh.dll
0x00007ffdadd80000 - 0x00007ffdadda5000 	C:\WINDOWS\SYSTEM32\bcrypt.dll
0x00007ffdae0f0000 - 0x00007ffdae119000 	C:\WINDOWS\SYSTEM32\USERENV.dll
0x00007ffdadc30000 - 0x00007ffdadc3b000 	C:\WINDOWS\SYSTEM32\CRYPTBASE.dll
0x00007ffdad810000 - 0x00007ffdad847000 	C:\WINDOWS\SYSTEM32\IPHLPAPI.DLL
0x00007ffdb17c0000 - 0x00007ffdb17c8000 	C:\WINDOWS\System32\NSI.dll
0x00007ffdaa470000 - 0x00007ffdaa486000 	C:\WINDOWS\SYSTEM32\dhcpcsvc6.DLL
0x00007ffdaa360000 - 0x00007ffdaa37a000 	C:\WINDOWS\SYSTEM32\dhcpcsvc.DLL
0x00007ffd9ff90000 - 0x00007ffd9ff9d000 	C:\Program Files\Android\Android Studio\jre\jre\bin\management.dll
0x00007ffdad3d0000 - 0x00007ffdad401000 	C:\WINDOWS\SYSTEM32\ntmarta.dll
0x00007ffdaa740000 - 0x00007ffdaa8e9000 	C:\WINDOWS\SYSTEM32\dbghelp.dll

VM Arguments:
jvm_args: -Xmx2048m -Dfile.encoding=windows-1252 -Duser.country=US -Duser.language=en -Duser.variant 
java_command: org.gradle.launcher.daemon.bootstrap.GradleDaemon 3.3
java_class_path (initial): C:\Users\David\.gradle\wrapper\dists\gradle-3.3-all\55gk2rcmfc6p2dg9u9ohc3hw9\gradle-3.3\lib\gradle-launcher-3.3.jar
Launcher Type: SUN_STANDARD

Environment Variables:
JAVA_HOME=C:\Program Files\Android\Android Studio\jre
CLASSPATH=L:\DropBox\Dropbox\KMOS\ionicapps\kmos4\platforms\android\\gradle\wrapper\gradle-wrapper.jar
PATH=C:\ProgramData\Oracle\Java\javapath;C:\WINDOWS\system32;C:\WINDOWS;C:\WINDOWS\System32\Wbem;C:\WINDOWS\System32\WindowsPowerShell\v1.0\;C:\Program Files\Git\cmd;C:\Program Files\dotnet\;C:\Program Files (x86)\Skype\Phone\;C:\Ruby23-x64\bin;C:\Users\David\AppData\Roaming\npm;C:\Users\David\AppData\Local\atom\bin;C:\Users\David\AppData\Local\Microsoft\WindowsApps;C:\Users\David\AppData\Local\Android\sdk\tools;C:\Users\David\AppData\Local\Android\sdk\platform-tools;C:\Program Files\nodejs\;C:\Program Files\PuTTY\;%SystemRoot%\system32;%SystemRoot%;%SystemRoot%\System32\Wbem;%SYSTEMROOT%\System32\WindowsPowerShell\v1.0\;C:\Ruby23-x64\bin;C:\Users\David\AppData\Local\atom\bin;C:\Users\David\AppData\Local\Microsoft\WindowsApps;C:\Users\David\AppData\Local\Android\sdk\tools;C:\Users\David\AppData\Local\Android\sdk\platform-tools;C:\Users\David\AppData\Local\.meteor\;c:\ffmpeg\bin;C:\Users\David\AppData\Roaming\npm;C:\Users\David\AppData\Local\Android\Sdk\tools;C:\Users\David\AppData\Local\Android\Sdk\platform-tools;C:\Program Files\Android\Android Studio\jre\bin;;C:\Users\David\AppData\Local\Android\Sdk\tools\bin
USERNAME=David
OS=Windows_NT
PROCESSOR_IDENTIFIER=Intel64 Family 6 Model 42 Stepping 7, GenuineIntel



---------------  S Y S T E M  ---------------

OS: Windows 10.0 , 64 bit Build 15063 (10.0.15063.296)

CPU:total 4 (4 cores per cpu, 1 threads per core) family 6 model 42 stepping 7, cmov, cx8, fxsr, mmx, sse, sse2, sse3, ssse3, sse4.1, sse4.2, popcnt, avx, aes, clmul, tsc, tscinvbit

Memory: 4k page, physical 14636080k(471636k free), swap 29114764k(48k free)

vm_info: OpenJDK 64-Bit Server VM (25.112-b06) for windows-amd64 JRE (1.8.0_112-release-b06), built on Dec  8 2016 00:54:26 by "builder" with MS VC++ 10.0 (VS2010)

time: Wed Oct 25 16:55:09 2017
elapsed time: 29 seconds (0d 0h 0m 29s)

