#
# There is insufficient memory for the Java Runtime Environment to continue.
# Native memory allocation (malloc) failed to allocate 32744 bytes for ChunkPool::allocate
# Possible reasons:
#   The system is out of physical RAM or swap space
#   In 32 bit mode, the process size limit was hit
# Possible solutions:
#   Reduce memory load on the system
#   Increase physical memory or swap space
#   Check if swap backing store is full
#   Use 64 bit Java on a 64 bit OS
#   Decrease Java heap size (-Xmx/-Xms)
#   Decrease number of Java threads
#   Decrease Java thread stack sizes (-Xss)
#   Set larger code cache with -XX:ReservedCodeCacheSize=
# This output file may be truncated or incomplete.
#
#  Out of Memory Error (allocation.cpp:273), pid=13688, tid=0x0000000000006380
#
# JRE version: OpenJDK Runtime Environment (8.0_112-b06) (build 1.8.0_112-release-b06)
# Java VM: OpenJDK 64-Bit Server VM (25.112-b06 mixed mode windows-amd64 compressed oops)
# Failed to write core dump. Minidumps are not enabled by default on client versions of Windows
#

---------------  T H R E A D  ---------------

Current thread (0x000000001cc78800):  JavaThread "C1 CompilerThread2" daemon [_thread_in_native, id=25472, stack(0x000000001d070000,0x000000001d170000)]

Stack: [0x000000001d070000,0x000000001d170000]
[error occurred during error reporting (printing stack bounds), id 0xc0000005]

Native frames: (J=compiled Java code, j=interpreted, Vv=VM code, C=native code)


Current CompileTask:
C1:   1355  653       3       java.util.LinkedHashMap::afterNodeAccess (116 bytes)


---------------  P R O C E S S  ---------------

Java Threads: ( => current thread )
  0x000000001cc7c000 JavaThread "Service Thread" daemon [_thread_blocked, id=7576, stack(0x000000001d170000,0x000000001d270000)]
=>0x000000001cc78800 JavaThread "C1 CompilerThread2" daemon [_thread_in_native, id=25472, stack(0x000000001d070000,0x000000001d170000)]
  0x000000001b488000 JavaThread "C2 CompilerThread1" daemon [_thread_in_native, id=24680, stack(0x000000001cb70000,0x000000001cc70000)]
  0x000000001b42f800 JavaThread "C2 CompilerThread0" daemon [_thread_in_native, id=22172, stack(0x000000001ca70000,0x000000001cb70000)]
  0x000000001b42e800 JavaThread "Attach Listener" daemon [_thread_blocked, id=4048, stack(0x000000001c970000,0x000000001ca70000)]
  0x000000001b42d000 JavaThread "Signal Dispatcher" daemon [_thread_blocked, id=13300, stack(0x000000001c870000,0x000000001c970000)]
  0x000000001b418000 JavaThread "Finalizer" daemon [_thread_blocked, id=20768, stack(0x000000001c680000,0x000000001c780000)]
  0x0000000003061800 JavaThread "Reference Handler" daemon [_thread_blocked, id=23884, stack(0x000000001c580000,0x000000001c680000)]
  0x0000000002e3e800 JavaThread "main" [_thread_in_Java, id=5648, stack(0x0000000002e40000,0x0000000002f40000)]

Other Threads:
  0x000000001b3f5800 VMThread [stack: 0x000000001c480000,0x000000001c580000] [id=9448]
  0x000000001cc7d000 WatcherThread [stack: 0x000000001d270000,0x000000001d370000] [id=23584]

VM state:not at safepoint (normal execution)

VM Mutex/Monitor currently owned by a thread: None

Heap:
 PSYoungGen      total 67072K, used 39362K [0x0000000775900000, 0x000000077a380000, 0x00000007c0000000)
  eden space 57856K, 68% used [0x0000000775900000,0x0000000777f708b0,0x0000000779180000)
  from space 9216K, 0% used [0x0000000779a80000,0x0000000779a80000,0x000000077a380000)
  to   space 9216K, 0% used [0x0000000779180000,0x0000000779180000,0x0000000779a80000)
 ParOldGen       total 153088K, used 0K [0x00000006e0a00000, 0x00000006e9f80000, 0x0000000775900000)
  object space 153088K, 0% used [0x00000006e0a00000,0x00000006e0a00000,0x00000006e9f80000)
 Metaspace       used 8557K, capacity 8768K, committed 8832K, reserved 1056768K
  class space    used 1081K, capacity 1152K, committed 1152K, reserved 1048576K

Card table byte_map: [0x0000000012430000,0x0000000012b30000] byte_map_base: 0x000000000ed2b000

Marking Bits: (ParMarkBitMap*) 0x0000000074d818f0
 Begin Bits: [0x00000000133e0000, 0x0000000016bb8000)
 End Bits:   [0x0000000016bb8000, 0x000000001a390000)

Polling page: 0x0000000001400000

CodeCache: size=245760Kb used=2821Kb max_used=2821Kb free=242938Kb
 bounds [0x0000000003070000, 0x0000000003340000, 0x0000000012070000]
 total_blobs=963 nmethods=648 adapters=229
 compilation: enabled

Compilation events (10 events):
Event: 1.326 Thread 0x000000001cc78800  647       3       java.util.regex.Pattern$BnM::optimize (179 bytes)
Event: 1.327 Thread 0x000000001cc78800 nmethod 647 0x000000000332e810 code [0x000000000332ea20, 0x000000000332f648]
Event: 1.348 Thread 0x000000001cc78800  648       3       java.lang.String$CaseInsensitiveComparator::compare (111 bytes)
Event: 1.349 Thread 0x000000001cc78800 nmethod 648 0x0000000003330a50 code [0x0000000003330ce0, 0x0000000003331d98]
Event: 1.349 Thread 0x000000001cc78800  649       3       java.util.HashMap::putVal (300 bytes)
Event: 1.350 Thread 0x000000001b488000  651       4       java.util.HashSet::add (20 bytes)
Event: 1.350 Thread 0x000000001cc78800 nmethod 649 0x00000000033328d0 code [0x0000000003332b40, 0x0000000003333e38]
Event: 1.350 Thread 0x000000001cc78800  650       3       java.util.AbstractCollection::addAll (42 bytes)
Event: 1.350 Thread 0x000000001cc78800 nmethod 650 0x0000000003329910 code [0x0000000003329ac0, 0x000000000332a018]
Event: 1.353 Thread 0x000000001cc78800  653       3       java.util.LinkedHashMap::afterNodeAccess (116 bytes)

GC Heap History (0 events):
No events

Deoptimization events (4 events):
Event: 1.199 Thread 0x0000000002e3e800 Uncommon trap: reason=unstable_if action=reinterpret pc=0x0000000003306aec method=java.lang.String$CaseInsensitiveComparator.compare(Ljava/lang/String;Ljava/lang/String;)I @ 26
Event: 1.345 Thread 0x0000000002e3e800 Uncommon trap: reason=unstable_if action=reinterpret pc=0x00000000032eca68 method=java.lang.String$CaseInsensitiveComparator.compare(Ljava/lang/String;Ljava/lang/String;)I @ 26
Event: 1.345 Thread 0x0000000002e3e800 Uncommon trap: reason=unstable_if action=reinterpret pc=0x0000000003303d08 method=java.lang.String$CaseInsensitiveComparator.compare(Ljava/lang/String;Ljava/lang/String;)I @ 26
Event: 1.348 Thread 0x0000000002e3e800 Uncommon trap: reason=unstable_if action=reinterpret pc=0x00000000032eb8f0 method=java.lang.String$CaseInsensitiveComparator.compare(Ljava/lang/String;Ljava/lang/String;)I @ 26

Internal exceptions (10 events):
Event: 0.421 Thread 0x0000000002e3e800 Exception <a 'java/lang/ArrayIndexOutOfBoundsException': 18> (0x00000007760b46e8) thrown at [C:\src\android\AOSP-openjdk\external\jetbrains\jdk\hotspot\src\share\vm\interpreter\interpreterRuntime.cpp, line 366]
Event: 0.421 Thread 0x0000000002e3e800 Exception <a 'java/lang/ArrayIndexOutOfBoundsException': 40> (0x00000007760b5318) thrown at [C:\src\android\AOSP-openjdk\external\jetbrains\jdk\hotspot\src\share\vm\interpreter\interpreterRuntime.cpp, line 366]
Event: 0.603 Thread 0x0000000002e3e800 Exception <a 'java/lang/ArrayIndexOutOfBoundsException'> (0x00000007764ca5e8) thrown at [C:\src\android\AOSP-openjdk\external\jetbrains\jdk\hotspot\src\share\vm\runtime\sharedRuntime.cpp, line 605]
Event: 0.603 Thread 0x0000000002e3e800 Exception <a 'java/lang/ArrayIndexOutOfBoundsException'> (0x00000007764cb4a8) thrown at [C:\src\android\AOSP-openjdk\external\jetbrains\jdk\hotspot\src\share\vm\runtime\sharedRuntime.cpp, line 605]
Event: 0.625 Thread 0x0000000002e3e800 Exception <a 'java/security/PrivilegedActionException'> (0x0000000776512760) thrown at [C:\src\android\AOSP-openjdk\external\jetbrains\jdk\hotspot\src\share\vm\prims\jvm.cpp, line 1390]
Event: 0.625 Thread 0x0000000002e3e800 Exception <a 'java/security/PrivilegedActionException'> (0x0000000776512b58) thrown at [C:\src\android\AOSP-openjdk\external\jetbrains\jdk\hotspot\src\share\vm\prims\jvm.cpp, line 1390]
Event: 1.032 Thread 0x0000000002e3e800 Exception <a 'java/lang/ArrayIndexOutOfBoundsException'> (0x0000000776e8f4a8) thrown at [C:\src\android\AOSP-openjdk\external\jetbrains\jdk\hotspot\src\share\vm\runtime\sharedRuntime.cpp, line 605]
Event: 1.033 Thread 0x0000000002e3e800 Exception <a 'java/lang/ArrayIndexOutOfBoundsException'> (0x0000000776e90d00) thrown at [C:\src\android\AOSP-openjdk\external\jetbrains\jdk\hotspot\src\share\vm\runtime\sharedRuntime.cpp, line 605]
Event: 1.033 Thread 0x0000000002e3e800 Exception <a 'java/lang/ArrayIndexOutOfBoundsException'> (0x0000000776e93350) thrown at [C:\src\android\AOSP-openjdk\external\jetbrains\jdk\hotspot\src\share\vm\runtime\sharedRuntime.cpp, line 605]
Event: 1.033 Thread 0x0000000002e3e800 Exception <a 'java/lang/ArrayIndexOutOfBoundsException'> (0x0000000776e94220) thrown at [C:\src\android\AOSP-openjdk\external\jetbrains\jdk\hotspot\src\share\vm\runtime\sharedRuntime.cpp, line 605]

Events (10 events):
Event: 1.199 Thread 0x0000000002e3e800 DEOPT UNPACKING pc=0x00000000030b556a sp=0x0000000002f3c838 mode 2
Event: 1.345 Thread 0x0000000002e3e800 Uncommon trap: trap_request=0xffffff65 fr.pc=0x00000000032eca68
Event: 1.345 Thread 0x0000000002e3e800 DEOPT PACKING pc=0x00000000032eca68 sp=0x0000000002f3ca00
Event: 1.345 Thread 0x0000000002e3e800 DEOPT UNPACKING pc=0x00000000030b556a sp=0x0000000002f3c988 mode 2
Event: 1.345 Thread 0x0000000002e3e800 Uncommon trap: trap_request=0xffffff65 fr.pc=0x0000000003303d08
Event: 1.345 Thread 0x0000000002e3e800 DEOPT PACKING pc=0x0000000003303d08 sp=0x0000000002f3cb10
Event: 1.345 Thread 0x0000000002e3e800 DEOPT UNPACKING pc=0x00000000030b556a sp=0x0000000002f3c810 mode 2
Event: 1.348 Thread 0x0000000002e3e800 Uncommon trap: trap_request=0xffffff65 fr.pc=0x00000000032eb8f0
Event: 1.348 Thread 0x0000000002e3e800 DEOPT PACKING pc=0x00000000032eb8f0 sp=0x0000000002f3c980
Event: 1.348 Thread 0x0000000002e3e800 DEOPT UNPACKING pc=0x00000000030b556a sp=0x0000000002f3c928 mode 2


Dynamic libraries:
0x00007ff66c1b0000 - 0x00007ff66c1e1000 	C:\Program Files\Android\Android Studio\jre\bin\java.exe
0x00007ffc43ae0000 - 0x00007ffc43cbb000 	C:\WINDOWS\SYSTEM32\ntdll.dll
0x00007ffc2a340000 - 0x00007ffc2a374000 	C:\Program Files\AVAST Software\Avast\x64\aswhooka.dll
0x00007ffc43800000 - 0x00007ffc438ae000 	C:\WINDOWS\System32\KERNEL32.DLL
0x00007ffc40ce0000 - 0x00007ffc40f29000 	C:\WINDOWS\System32\KERNELBASE.dll
0x00007ffc43a20000 - 0x00007ffc43ac1000 	C:\WINDOWS\System32\ADVAPI32.dll
0x00007ffc41c30000 - 0x00007ffc41ccd000 	C:\WINDOWS\System32\msvcrt.dll
0x00007ffc41170000 - 0x00007ffc411c9000 	C:\WINDOWS\System32\sechost.dll
0x00007ffc41480000 - 0x00007ffc415a5000 	C:\WINDOWS\System32\RPCRT4.dll
0x00007ffc42210000 - 0x00007ffc4235a000 	C:\WINDOWS\System32\USER32.dll
0x00007ffc40290000 - 0x00007ffc402ae000 	C:\WINDOWS\System32\win32u.dll
0x00007ffc421e0000 - 0x00007ffc42207000 	C:\WINDOWS\System32\GDI32.dll
0x00007ffc40050000 - 0x00007ffc401d7000 	C:\WINDOWS\System32\gdi32full.dll
0x00007ffc40fa0000 - 0x00007ffc4103a000 	C:\WINDOWS\System32\msvcp_win.dll
0x00007ffc40be0000 - 0x00007ffc40cd6000 	C:\WINDOWS\System32\ucrtbase.dll
0x00007ffc37770000 - 0x00007ffc379d7000 	C:\WINDOWS\WinSxS\amd64_microsoft.windows.common-controls_6595b64144ccf1df_6.0.15063.483_none_26002d27e7c744a2\COMCTL32.dll
0x00007ffc416a0000 - 0x00007ffc41999000 	C:\WINDOWS\System32\combase.dll
0x00007ffc40f30000 - 0x00007ffc40f9a000 	C:\WINDOWS\System32\bcryptPrimitives.dll
0x00007ffc41a00000 - 0x00007ffc41a2d000 	C:\WINDOWS\System32\IMM32.DLL
0x00000000744e0000 - 0x00000000745b2000 	C:\Program Files\Android\Android Studio\jre\jre\bin\msvcr100.dll
0x00000000745c0000 - 0x0000000074dfc000 	C:\Program Files\Android\Android Studio\jre\jre\bin\server\jvm.dll
0x00007ffc43ad0000 - 0x00007ffc43ad8000 	C:\WINDOWS\System32\PSAPI.DLL
0x00007ffc34f40000 - 0x00007ffc34f49000 	C:\WINDOWS\SYSTEM32\WSOCK32.dll
0x00007ffc415b0000 - 0x00007ffc4161c000 	C:\WINDOWS\System32\WS2_32.dll
0x00007ffc38240000 - 0x00007ffc38263000 	C:\WINDOWS\SYSTEM32\WINMM.dll
0x00007ffc3c920000 - 0x00007ffc3c92a000 	C:\WINDOWS\SYSTEM32\VERSION.dll
0x00007ffc381c0000 - 0x00007ffc381eb000 	C:\WINDOWS\SYSTEM32\WINMMBASE.dll
0x00007ffc40000000 - 0x00007ffc40049000 	C:\WINDOWS\System32\cfgmgr32.dll
0x00007ffc353b0000 - 0x00007ffc353bf000 	C:\Program Files\Android\Android Studio\jre\jre\bin\verify.dll
0x00007ffc29600000 - 0x00007ffc29629000 	C:\Program Files\Android\Android Studio\jre\jre\bin\java.dll
0x00007ffc35210000 - 0x00007ffc35226000 	C:\Program Files\Android\Android Studio\jre\jre\bin\zip.dll
0x00007ffc42360000 - 0x00007ffc43796000 	C:\WINDOWS\System32\SHELL32.dll
0x00007ffc410c0000 - 0x00007ffc4116a000 	C:\WINDOWS\System32\shcore.dll
0x00007ffc40480000 - 0x00007ffc40b71000 	C:\WINDOWS\System32\windows.storage.dll
0x00007ffc419a0000 - 0x00007ffc419f1000 	C:\WINDOWS\System32\shlwapi.dll
0x00007ffc3ff70000 - 0x00007ffc3ff81000 	C:\WINDOWS\System32\kernel.appcore.dll
0x00007ffc3ffb0000 - 0x00007ffc3fffc000 	C:\WINDOWS\System32\powrprof.dll
0x00007ffc3ff50000 - 0x00007ffc3ff65000 	C:\WINDOWS\System32\profapi.dll
0x00007ffc351d0000 - 0x00007ffc351ea000 	C:\Program Files\Android\Android Studio\jre\jre\bin\net.dll
0x00007ffc3f800000 - 0x00007ffc3f85c000 	C:\WINDOWS\system32\mswsock.dll
0x00007ffc33870000 - 0x00007ffc33881000 	C:\Program Files\Android\Android Studio\jre\jre\bin\nio.dll
0x00007ffc3c170000 - 0x00007ffc3c18e000 	C:\Users\David\.gradle\native\23\windows-amd64\native-platform.dll
0x00007ffc3fa00000 - 0x00007ffc3fa17000 	C:\WINDOWS\SYSTEM32\CRYPTSP.dll
0x00007ffc3f420000 - 0x00007ffc3f454000 	C:\WINDOWS\system32\rsaenh.dll
0x00007ffc3fb10000 - 0x00007ffc3fb35000 	C:\WINDOWS\SYSTEM32\bcrypt.dll
0x00007ffc3fe80000 - 0x00007ffc3fea9000 	C:\WINDOWS\SYSTEM32\USERENV.dll
0x00007ffc3fa20000 - 0x00007ffc3fa2b000 	C:\WINDOWS\SYSTEM32\CRYPTBASE.dll
0x00007ffc3f5a0000 - 0x00007ffc3f5d7000 	C:\WINDOWS\SYSTEM32\IPHLPAPI.DLL
0x00007ffc41cd0000 - 0x00007ffc41cd8000 	C:\WINDOWS\System32\NSI.dll
0x00007ffc3c050000 - 0x00007ffc3c066000 	C:\WINDOWS\SYSTEM32\dhcpcsvc6.DLL
0x00007ffc3c120000 - 0x00007ffc3c13a000 	C:\WINDOWS\SYSTEM32\dhcpcsvc.DLL
0x00007ffc34e80000 - 0x00007ffc34e8d000 	C:\Program Files\Android\Android Studio\jre\jre\bin\management.dll

VM Arguments:
jvm_args: -Dorg.gradle.appname=gradlew 
java_command: org.gradle.wrapper.GradleWrapperMain cdvBuildRelease -b L:\DropBox\Dropbox\KMOS\ionicapps\kmos4\platforms\android\build.gradle -Dorg.gradle.daemon=true -Dorg.gradle.jvmargs=-Xmx2048m -Pandroid.useDeprecatedNdk=true
java_class_path (initial): L:\DropBox\Dropbox\KMOS\ionicapps\kmos4\platforms\android\\gradle\wrapper\gradle-wrapper.jar
Launcher Type: SUN_STANDARD

Environment Variables:
JAVA_HOME=C:\Program Files\Android\Android Studio\jre
CLASSPATH=L:\DropBox\Dropbox\KMOS\ionicapps\kmos4\platforms\android\\gradle\wrapper\gradle-wrapper.jar
PATH=C:\ProgramData\Oracle\Java\javapath;C:\WINDOWS\system32;C:\WINDOWS;C:\WINDOWS\System32\Wbem;C:\WINDOWS\System32\WindowsPowerShell\v1.0\;C:\Program Files\Git\cmd;C:\Program Files\dotnet\;C:\Program Files (x86)\Skype\Phone\;C:\Ruby23-x64\bin;C:\Users\David\AppData\Roaming\npm;C:\Users\David\AppData\Local\atom\bin;C:\Users\David\AppData\Local\Microsoft\WindowsApps;C:\Users\David\AppData\Local\Android\sdk\tools;C:\Users\David\AppData\Local\Android\sdk\platform-tools;C:\Program Files\nodejs\;C:\Program Files\PuTTY\;%SystemRoot%\system32;%SystemRoot%;%SystemRoot%\System32\Wbem;%SYSTEMROOT%\System32\WindowsPowerShell\v1.0\;C:\Ruby23-x64\bin;C:\Users\David\AppData\Local\atom\bin;C:\Users\David\AppData\Local\Microsoft\WindowsApps;C:\Users\David\AppData\Local\Android\sdk\tools;C:\Users\David\AppData\Local\Android\sdk\platform-tools;C:\Users\David\AppData\Local\.meteor\;c:\ffmpeg\bin;C:\Users\David\AppData\Roaming\npm;C:\Users\David\AppData\Local\Android\Sdk\tools;C:\Users\David\AppData\Local\Android\Sdk\platform-tools;C:\Program Files\Android\Android Studio\jre\bin;;C:\Users\David\AppData\Local\Android\Sdk\tools\bin
USERNAME=David
OS=Windows_NT
PROCESSOR_IDENTIFIER=Intel64 Family 6 Model 42 Stepping 7, GenuineIntel



---------------  S Y S T E M  ---------------

OS: Windows 10.0 , 64 bit Build 15063 (10.0.15063.296)

CPU:total 4 (4 cores per cpu, 1 threads per core) family 6 model 42 stepping 7, cmov, cx8, fxsr, mmx, sse, sse2, sse3, ssse3, sse4.1, sse4.2, popcnt, avx, aes, clmul, tsc, tscinvbit

Memory: 4k page, physical 14636080k(1430524k free), swap 29114764k(2124k free)

vm_info: OpenJDK 64-Bit Server VM (25.112-b06) for windows-amd64 JRE (1.8.0_112-release-b06), built on Dec  8 2016 00:54:26 by "builder" with MS VC++ 10.0 (VS2010)

time: Wed Nov 22 15:39:16 2017
elapsed time: 1 seconds (0d 0h 0m 1s)

