#
# There is insufficient memory for the Java Runtime Environment to continue.
# Native memory allocation (malloc) failed to allocate 32744 bytes for ChunkPool::allocate
# Possible reasons:
#   The system is out of physical RAM or swap space
#   In 32 bit mode, the process size limit was hit
# Possible solutions:
#   Reduce memory load on the system
#   Increase physical memory or swap space
#   Check if swap backing store is full
#   Use 64 bit Java on a 64 bit OS
#   Decrease Java heap size (-Xmx/-Xms)
#   Decrease number of Java threads
#   Decrease Java thread stack sizes (-Xss)
#   Set larger code cache with -XX:ReservedCodeCacheSize=
# This output file may be truncated or incomplete.
#
#  Out of Memory Error (allocation.cpp:273), pid=24592, tid=0x000000000000604c
#
# JRE version: OpenJDK Runtime Environment (8.0_112-b06) (build 1.8.0_112-release-b06)
# Java VM: OpenJDK 64-Bit Server VM (25.112-b06 mixed mode windows-amd64 compressed oops)
# Failed to write core dump. Minidumps are not enabled by default on client versions of Windows
#

---------------  T H R E A D  ---------------

Current thread (0x000000001b0bd000):  JavaThread "C2 CompilerThread1" daemon [_thread_in_native, id=24652, stack(0x000000001cba0000,0x000000001cca0000)]

Stack: [0x000000001cba0000,0x000000001cca0000]
[error occurred during error reporting (printing stack bounds), id 0xc0000005]

Native frames: (J=compiled Java code, j=interpreted, Vv=VM code, C=native code)


Current CompileTask:
C2:  31267 1156       4       com.esotericsoftware.kryo.io.Input::readUtf8 (90 bytes)


---------------  P R O C E S S  ---------------

Java Threads: ( => current thread )
  0x000000001e593000 JavaThread "forward input" [_thread_blocked, id=24840, stack(0x000000001f1b0000,0x000000001f2b0000)]
  0x000000001e58e800 JavaThread "DisconnectableInputStream source reader" daemon [_thread_in_native, id=24836, stack(0x000000001f0b0000,0x000000001f1b0000)]
  0x000000001c7a6000 JavaThread "Service Thread" daemon [_thread_blocked, id=24660, stack(0x000000001cda0000,0x000000001cea0000)]
  0x000000001b0be000 JavaThread "C1 CompilerThread2" daemon [_thread_blocked, id=24656, stack(0x000000001cca0000,0x000000001cda0000)]
=>0x000000001b0bd000 JavaThread "C2 CompilerThread1" daemon [_thread_in_native, id=24652, stack(0x000000001cba0000,0x000000001cca0000)]
  0x000000001b061800 JavaThread "C2 CompilerThread0" daemon [_thread_blocked, id=24648, stack(0x000000001c6a0000,0x000000001c7a0000)]
  0x000000001b060800 JavaThread "Attach Listener" daemon [_thread_blocked, id=24644, stack(0x000000001c5a0000,0x000000001c6a0000)]
  0x000000001b05f800 JavaThread "Signal Dispatcher" daemon [_thread_blocked, id=24640, stack(0x000000001c4a0000,0x000000001c5a0000)]
  0x0000000002c9c000 JavaThread "Finalizer" daemon [_thread_blocked, id=24636, stack(0x000000001c2b0000,0x000000001c3b0000)]
  0x0000000002c91800 JavaThread "Reference Handler" daemon [_thread_blocked, id=24632, stack(0x000000001c1b0000,0x000000001c2b0000)]
  0x0000000002a6e800 JavaThread "main" [_thread_in_native, id=24604, stack(0x0000000002aa0000,0x0000000002ba0000)]

Other Threads:
  0x000000001b025800 VMThread [stack: 0x000000001c0b0000,0x000000001c1b0000] [id=24628]
  0x000000001c7a7000 WatcherThread [stack: 0x000000001cea0000,0x000000001cfa0000] [id=24664]

VM state:not at safepoint (normal execution)

VM Mutex/Monitor currently owned by a thread: None

Heap:
 PSYoungGen      total 67072K, used 17596K [0x0000000775900000, 0x000000077a380000, 0x00000007c0000000)
  eden space 57856K, 17% used [0x0000000775900000,0x000000077629ca78,0x0000000779180000)
  from space 9216K, 84% used [0x0000000779180000,0x0000000779912948,0x0000000779a80000)
  to   space 9216K, 0% used [0x0000000779a80000,0x0000000779a80000,0x000000077a380000)
 ParOldGen       total 153088K, used 8K [0x00000006e0a00000, 0x00000006e9f80000, 0x0000000775900000)
  object space 153088K, 0% used [0x00000006e0a00000,0x00000006e0a02000,0x00000006e9f80000)
 Metaspace       used 12454K, capacity 12814K, committed 13056K, reserved 1060864K
  class space    used 1622K, capacity 1773K, committed 1792K, reserved 1048576K

Card table byte_map: [0x0000000012060000,0x0000000012760000] byte_map_base: 0x000000000e95b000

Marking Bits: (ParMarkBitMap*) 0x000000006c0118f0
 Begin Bits: [0x0000000013010000, 0x00000000167e8000)
 End Bits:   [0x00000000167e8000, 0x0000000019fc0000)

Polling page: 0x0000000001100000

CodeCache: size=245760Kb used=4115Kb max_used=4115Kb free=241645Kb
 bounds [0x0000000002ca0000, 0x00000000030b0000, 0x0000000011ca0000]
 total_blobs=1520 nmethods=1157 adapters=277
 compilation: enabled

Compilation events (10 events):
Event: 31.252 Thread 0x000000001b0be000 1152       3       java.nio.Buffer::checkBounds (25 bytes)
Event: 31.252 Thread 0x000000001b0be000 nmethod 1152 0x00000000030a0790 code [0x00000000030a0900, 0x00000000030a0b28]
Event: 31.252 Thread 0x000000001b0be000 1153   !   3       sun.nio.ch.SocketChannelImpl::isConnected (28 bytes)
Event: 31.252 Thread 0x000000001b0be000 nmethod 1153 0x00000000030a0c10 code [0x00000000030a0d80, 0x00000000030a10d0]
Event: 31.253 Thread 0x000000001b0be000 1154   !   3       sun.nio.ch.SocketChannelImpl::readerCleanup (35 bytes)
Event: 31.253 Thread 0x000000001b0be000 nmethod 1154 0x00000000030a1190 code [0x00000000030a1300, 0x00000000030a16a8]
Event: 31.253 Thread 0x000000001b0be000 1155       3       sun.nio.ch.IOStatus::normalize (10 bytes)
Event: 31.253 Thread 0x000000001b0bd000 1156       4       com.esotericsoftware.kryo.io.Input::readUtf8 (90 bytes)
Event: 31.253 Thread 0x000000001b0be000 nmethod 1155 0x00000000030a17d0 code [0x00000000030a1920, 0x00000000030a1a90]
Event: 31.256 Thread 0x000000001b0be000 1157   !   3       sun.nio.ch.SocketChannelImpl::read (389 bytes)

GC Heap History (2 events):
Event: 1.546 GC heap before
{Heap before GC invocations=1 (full 0):
 PSYoungGen      total 67072K, used 57856K [0x0000000775900000, 0x000000077a380000, 0x00000007c0000000)
  eden space 57856K, 100% used [0x0000000775900000,0x0000000779180000,0x0000000779180000)
  from space 9216K, 0% used [0x0000000779a80000,0x0000000779a80000,0x000000077a380000)
  to   space 9216K, 0% used [0x0000000779180000,0x0000000779180000,0x0000000779a80000)
 ParOldGen       total 153088K, used 0K [0x00000006e0a00000, 0x00000006e9f80000, 0x0000000775900000)
  object space 153088K, 0% used [0x00000006e0a00000,0x00000006e0a00000,0x00000006e9f80000)
 Metaspace       used 10999K, capacity 11304K, committed 11648K, reserved 1058816K
  class space    used 1438K, capacity 1552K, committed 1664K, reserved 1048576K
Event: 1.554 GC heap after
Heap after GC invocations=1 (full 0):
 PSYoungGen      total 67072K, used 7754K [0x0000000775900000, 0x000000077a380000, 0x00000007c0000000)
  eden space 57856K, 0% used [0x0000000775900000,0x0000000775900000,0x0000000779180000)
  from space 9216K, 84% used [0x0000000779180000,0x0000000779912948,0x0000000779a80000)
  to   space 9216K, 0% used [0x0000000779a80000,0x0000000779a80000,0x000000077a380000)
 ParOldGen       total 153088K, used 8K [0x00000006e0a00000, 0x00000006e9f80000, 0x0000000775900000)
  object space 153088K, 0% used [0x00000006e0a00000,0x00000006e0a02000,0x00000006e9f80000)
 Metaspace       used 10999K, capacity 11304K, committed 11648K, reserved 1058816K
  class space    used 1438K, capacity 1552K, committed 1664K, reserved 1048576K
}

Deoptimization events (10 events):
Event: 0.907 Thread 0x0000000002a6e800 Uncommon trap: reason=unstable_if action=reinterpret pc=0x0000000002f296ac method=java.lang.String$CaseInsensitiveComparator.compare(Ljava/lang/String;Ljava/lang/String;)I @ 26
Event: 1.042 Thread 0x0000000002a6e800 Uncommon trap: reason=unstable_if action=reinterpret pc=0x0000000002f129e8 method=java.lang.String$CaseInsensitiveComparator.compare(Ljava/lang/String;Ljava/lang/String;)I @ 26
Event: 1.043 Thread 0x0000000002a6e800 Uncommon trap: reason=unstable_if action=reinterpret pc=0x0000000002f268c8 method=java.lang.String$CaseInsensitiveComparator.compare(Ljava/lang/String;Ljava/lang/String;)I @ 26
Event: 1.043 Thread 0x0000000002a6e800 Uncommon trap: reason=unstable_if action=reinterpret pc=0x0000000002f13b70 method=java.lang.String$CaseInsensitiveComparator.compare(Ljava/lang/String;Ljava/lang/String;)I @ 26
Event: 1.203 Thread 0x0000000002a6e800 Uncommon trap: reason=bimorphic action=maybe_recompile pc=0x0000000002f72478 method=java.util.HashMap.putVal(ILjava/lang/Object;Ljava/lang/Object;ZZ)Ljava/lang/Object; @ 91
Event: 1.203 Thread 0x0000000002a6e800 Uncommon trap: reason=bimorphic action=maybe_recompile pc=0x0000000002f72478 method=java.util.HashMap.putVal(ILjava/lang/Object;Ljava/lang/Object;ZZ)Ljava/lang/Object; @ 91
Event: 2.912 Thread 0x000000001e4ad800 Uncommon trap: reason=class_check action=maybe_recompile pc=0x0000000002f52948 method=java.util.regex.Pattern$Slice.match(Ljava/util/regex/Matcher;ILjava/lang/CharSequence;)Z @ 49
Event: 2.912 Thread 0x000000001e4ad800 Uncommon trap: reason=class_check action=maybe_recompile pc=0x0000000002f52948 method=java.util.regex.Pattern$Slice.match(Ljava/util/regex/Matcher;ILjava/lang/CharSequence;)Z @ 49
Event: 2.912 Thread 0x000000001e4ad800 Uncommon trap: reason=class_check action=maybe_recompile pc=0x0000000002f52948 method=java.util.regex.Pattern$Slice.match(Ljava/util/regex/Matcher;ILjava/lang/CharSequence;)Z @ 49
Event: 2.912 Thread 0x000000001e4ad800 Uncommon trap: reason=class_check action=maybe_recompile pc=0x0000000002f52948 method=java.util.regex.Pattern$Slice.match(Ljava/util/regex/Matcher;ILjava/lang/CharSequence;)Z @ 49

Internal exceptions (10 events):
Event: 2.970 Thread 0x0000000002a6e800 Exception <a 'java/lang/NoSuchMethodError': <clinit>> (0x0000000775f9fdc0) thrown at [C:\src\android\AOSP-openjdk\external\jetbrains\jdk\hotspot\src\share\vm\prims\jni.cpp, line 1613]
Event: 2.973 Thread 0x0000000002a6e800 Exception <a 'java/lang/NoSuchMethodError': <clinit>> (0x0000000775fb71f8) thrown at [C:\src\android\AOSP-openjdk\external\jetbrains\jdk\hotspot\src\share\vm\prims\jni.cpp, line 1613]
Event: 2.973 Thread 0x0000000002a6e800 Exception <a 'java/lang/NoSuchMethodError': <clinit>> (0x0000000775fbe7e0) thrown at [C:\src\android\AOSP-openjdk\external\jetbrains\jdk\hotspot\src\share\vm\prims\jni.cpp, line 1613]
Event: 2.979 Thread 0x0000000002a6e800 Exception <a 'java/lang/NoSuchMethodError': <clinit>> (0x000000077601cc70) thrown at [C:\src\android\AOSP-openjdk\external\jetbrains\jdk\hotspot\src\share\vm\prims\jni.cpp, line 1613]
Event: 2.981 Thread 0x0000000002a6e800 Exception <a 'java/lang/NoSuchMethodError': <clinit>> (0x00000007760339a0) thrown at [C:\src\android\AOSP-openjdk\external\jetbrains\jdk\hotspot\src\share\vm\prims\jni.cpp, line 1613]
Event: 2.981 Thread 0x0000000002a6e800 Exception <a 'java/lang/NoSuchMethodError': <clinit>> (0x000000077603c380) thrown at [C:\src\android\AOSP-openjdk\external\jetbrains\jdk\hotspot\src\share\vm\prims\jni.cpp, line 1613]
Event: 2.983 Thread 0x0000000002a6e800 Exception <a 'java/lang/NoSuchMethodError': <clinit>> (0x0000000776046f08) thrown at [C:\src\android\AOSP-openjdk\external\jetbrains\jdk\hotspot\src\share\vm\prims\jni.cpp, line 1613]
Event: 2.986 Thread 0x0000000002a6e800 Exception <a 'java/lang/NoSuchMethodError': <clinit>> (0x0000000776062600) thrown at [C:\src\android\AOSP-openjdk\external\jetbrains\jdk\hotspot\src\share\vm\prims\jni.cpp, line 1613]
Event: 3.032 Thread 0x0000000002a6e800 Exception <a 'java/lang/NoSuchMethodError': <clinit>> (0x000000077607ff58) thrown at [C:\src\android\AOSP-openjdk\external\jetbrains\jdk\hotspot\src\share\vm\prims\jni.cpp, line 1613]
Event: 3.036 Thread 0x0000000002a6e800 Exception <a 'java/lang/NoSuchMethodError': <clinit>> (0x0000000776089cd0) thrown at [C:\src\android\AOSP-openjdk\external\jetbrains\jdk\hotspot\src\share\vm\prims\jni.cpp, line 1613]

Events (10 events):
Event: 8.522 loading class org/gradle/internal/serialize/ExceptionReplacingObjectInputStream
Event: 8.522 loading class org/gradle/internal/serialize/ExceptionReplacingObjectInputStream done
Event: 8.522 loading class org/gradle/internal/serialize/ExceptionReplacingObjectOutputStream
Event: 8.522 loading class org/gradle/internal/serialize/ExceptionReplacingObjectOutputStream done
Event: 8.522 loading class org/gradle/internal/serialize/ExceptionReplacingObjectInputStream$1
Event: 8.522 loading class org/gradle/internal/serialize/ExceptionReplacingObjectInputStream$1 done
Event: 13.690 loading class org/gradle/internal/logging/events/StyledTextOutputEvent$Span
Event: 13.690 loading class org/gradle/internal/logging/events/StyledTextOutputEvent$Span done
Event: 13.691 loading class java/util/Collections$SingletonList
Event: 13.691 loading class java/util/Collections$SingletonList done


Dynamic libraries:
0x00007ff7f2a50000 - 0x00007ff7f2a81000 	C:\Program Files\Android\Android Studio\jre\bin\java.exe
0x00007ffdb1d50000 - 0x00007ffdb1f2b000 	C:\WINDOWS\SYSTEM32\ntdll.dll
0x00007ffd9a640000 - 0x00007ffd9a673000 	C:\Program Files\AVAST Software\Avast\x64\aswhooka.dll
0x00007ffdb1ca0000 - 0x00007ffdb1d4e000 	C:\WINDOWS\System32\KERNEL32.DLL
0x00007ffdae410000 - 0x00007ffdae659000 	C:\WINDOWS\System32\KERNELBASE.dll
0x00007ffdaf490000 - 0x00007ffdaf531000 	C:\WINDOWS\System32\ADVAPI32.dll
0x00007ffdaf3f0000 - 0x00007ffdaf48d000 	C:\WINDOWS\System32\msvcrt.dll
0x00007ffdaf2b0000 - 0x00007ffdaf309000 	C:\WINDOWS\System32\sechost.dll
0x00007ffdb15c0000 - 0x00007ffdb16e5000 	C:\WINDOWS\System32\RPCRT4.dll
0x00007ffdb0fe0000 - 0x00007ffdb112a000 	C:\WINDOWS\System32\USER32.dll
0x00007ffdaf230000 - 0x00007ffdaf24e000 	C:\WINDOWS\System32\win32u.dll
0x00007ffdaf950000 - 0x00007ffdaf977000 	C:\WINDOWS\System32\GDI32.dll
0x00007ffdaed60000 - 0x00007ffdaeee7000 	C:\WINDOWS\System32\gdi32full.dll
0x00007ffdae270000 - 0x00007ffdae30a000 	C:\WINDOWS\System32\msvcp_win.dll
0x00007ffdaeef0000 - 0x00007ffdaefe6000 	C:\WINDOWS\System32\ucrtbase.dll
0x00007ffda5ad0000 - 0x00007ffda5d37000 	C:\WINDOWS\WinSxS\amd64_microsoft.windows.common-controls_6595b64144ccf1df_6.0.15063.483_none_26002d27e7c744a2\COMCTL32.dll
0x00007ffdb12c0000 - 0x00007ffdb15b9000 	C:\WINDOWS\System32\combase.dll
0x00007ffdaf1c0000 - 0x00007ffdaf22a000 	C:\WINDOWS\System32\bcryptPrimitives.dll
0x00007ffdb1290000 - 0x00007ffdb12bd000 	C:\WINDOWS\System32\IMM32.DLL
0x000000006b050000 - 0x000000006b122000 	C:\Program Files\Android\Android Studio\jre\jre\bin\msvcr100.dll
0x000000006b850000 - 0x000000006c08c000 	C:\Program Files\Android\Android Studio\jre\jre\bin\server\jvm.dll
0x00007ffdb1c90000 - 0x00007ffdb1c98000 	C:\WINDOWS\System32\PSAPI.DLL
0x00007ffda30b0000 - 0x00007ffda30b9000 	C:\WINDOWS\SYSTEM32\WSOCK32.dll
0x00007ffdb16f0000 - 0x00007ffdb175c000 	C:\WINDOWS\System32\WS2_32.dll
0x00007ffda5f50000 - 0x00007ffda5f73000 	C:\WINDOWS\SYSTEM32\WINMM.dll
0x00007ffdaac10000 - 0x00007ffdaac1a000 	C:\WINDOWS\SYSTEM32\VERSION.dll
0x00007ffda5e60000 - 0x00007ffda5e8b000 	C:\WINDOWS\SYSTEM32\WINMMBASE.dll
0x00007ffdae3c0000 - 0x00007ffdae409000 	C:\WINDOWS\System32\cfgmgr32.dll
0x00007ffd9ffd0000 - 0x00007ffd9ffdf000 	C:\Program Files\Android\Android Studio\jre\jre\bin\verify.dll
0x00007ffd89bb0000 - 0x00007ffd89bd9000 	C:\Program Files\Android\Android Studio\jre\jre\bin\java.dll
0x00007ffd95210000 - 0x00007ffd95226000 	C:\Program Files\Android\Android Studio\jre\jre\bin\zip.dll
0x00007ffdaf980000 - 0x00007ffdb0db6000 	C:\WINDOWS\System32\SHELL32.dll
0x00007ffdb0f30000 - 0x00007ffdb0fda000 	C:\WINDOWS\System32\shcore.dll
0x00007ffdae660000 - 0x00007ffdaed51000 	C:\WINDOWS\System32\windows.storage.dll
0x00007ffdb1760000 - 0x00007ffdb17b1000 	C:\WINDOWS\System32\shlwapi.dll
0x00007ffdae200000 - 0x00007ffdae211000 	C:\WINDOWS\System32\kernel.appcore.dll
0x00007ffdae220000 - 0x00007ffdae26c000 	C:\WINDOWS\System32\powrprof.dll
0x00007ffdae1e0000 - 0x00007ffdae1f5000 	C:\WINDOWS\System32\profapi.dll
0x00007ffd94f50000 - 0x00007ffd94f6a000 	C:\Program Files\Android\Android Studio\jre\jre\bin\net.dll
0x00007ffdada70000 - 0x00007ffdadacc000 	C:\WINDOWS\system32\mswsock.dll
0x00007ffd8e350000 - 0x00007ffd8e361000 	C:\Program Files\Android\Android Studio\jre\jre\bin\nio.dll
0x00007ffda1bc0000 - 0x00007ffda1bde000 	C:\Users\David\.gradle\native\23\windows-amd64\native-platform.dll
0x00007ffdadc10000 - 0x00007ffdadc27000 	C:\WINDOWS\SYSTEM32\CRYPTSP.dll
0x00007ffdad690000 - 0x00007ffdad6c4000 	C:\WINDOWS\system32\rsaenh.dll
0x00007ffdadd80000 - 0x00007ffdadda5000 	C:\WINDOWS\SYSTEM32\bcrypt.dll
0x00007ffdae0f0000 - 0x00007ffdae119000 	C:\WINDOWS\SYSTEM32\USERENV.dll
0x00007ffdadc30000 - 0x00007ffdadc3b000 	C:\WINDOWS\SYSTEM32\CRYPTBASE.dll
0x00007ffdad810000 - 0x00007ffdad847000 	C:\WINDOWS\SYSTEM32\IPHLPAPI.DLL
0x00007ffdb17c0000 - 0x00007ffdb17c8000 	C:\WINDOWS\System32\NSI.dll
0x00007ffdaa470000 - 0x00007ffdaa486000 	C:\WINDOWS\SYSTEM32\dhcpcsvc6.DLL
0x00007ffdaa360000 - 0x00007ffdaa37a000 	C:\WINDOWS\SYSTEM32\dhcpcsvc.DLL
0x00007ffd9ff90000 - 0x00007ffd9ff9d000 	C:\Program Files\Android\Android Studio\jre\jre\bin\management.dll

VM Arguments:
jvm_args: -Dorg.gradle.appname=gradlew 
java_command: org.gradle.wrapper.GradleWrapperMain cdvBuildRelease -b L:\DropBox\Dropbox\KMOS\ionicapps\kmos4\platforms\android\build.gradle -Dorg.gradle.daemon=true -Dorg.gradle.jvmargs=-Xmx2048m -Pandroid.useDeprecatedNdk=true
java_class_path (initial): L:\DropBox\Dropbox\KMOS\ionicapps\kmos4\platforms\android\\gradle\wrapper\gradle-wrapper.jar
Launcher Type: SUN_STANDARD

Environment Variables:
JAVA_HOME=C:\Program Files\Android\Android Studio\jre
CLASSPATH=L:\DropBox\Dropbox\KMOS\ionicapps\kmos4\platforms\android\\gradle\wrapper\gradle-wrapper.jar
PATH=C:\ProgramData\Oracle\Java\javapath;C:\WINDOWS\system32;C:\WINDOWS;C:\WINDOWS\System32\Wbem;C:\WINDOWS\System32\WindowsPowerShell\v1.0\;C:\Program Files\Git\cmd;C:\Program Files\dotnet\;C:\Program Files (x86)\Skype\Phone\;C:\Ruby23-x64\bin;C:\Users\David\AppData\Roaming\npm;C:\Users\David\AppData\Local\atom\bin;C:\Users\David\AppData\Local\Microsoft\WindowsApps;C:\Users\David\AppData\Local\Android\sdk\tools;C:\Users\David\AppData\Local\Android\sdk\platform-tools;C:\Program Files\nodejs\;C:\Program Files\PuTTY\;%SystemRoot%\system32;%SystemRoot%;%SystemRoot%\System32\Wbem;%SYSTEMROOT%\System32\WindowsPowerShell\v1.0\;C:\Ruby23-x64\bin;C:\Users\David\AppData\Local\atom\bin;C:\Users\David\AppData\Local\Microsoft\WindowsApps;C:\Users\David\AppData\Local\Android\sdk\tools;C:\Users\David\AppData\Local\Android\sdk\platform-tools;C:\Users\David\AppData\Local\.meteor\;c:\ffmpeg\bin;C:\Users\David\AppData\Roaming\npm;C:\Users\David\AppData\Local\Android\Sdk\tools;C:\Users\David\AppData\Local\Android\Sdk\platform-tools;C:\Program Files\Android\Android Studio\jre\bin;;C:\Users\David\AppData\Local\Android\Sdk\tools\bin
USERNAME=David
OS=Windows_NT
PROCESSOR_IDENTIFIER=Intel64 Family 6 Model 42 Stepping 7, GenuineIntel



---------------  S Y S T E M  ---------------

OS: Windows 10.0 , 64 bit Build 15063 (10.0.15063.296)

CPU:total 4 (4 cores per cpu, 1 threads per core) family 6 model 42 stepping 7, cmov, cx8, fxsr, mmx, sse, sse2, sse3, ssse3, sse4.1, sse4.2, popcnt, avx, aes, clmul, tsc, tscinvbit

Memory: 4k page, physical 14636080k(471816k free), swap 29114764k(48k free)

vm_info: OpenJDK 64-Bit Server VM (25.112-b06) for windows-amd64 JRE (1.8.0_112-release-b06), built on Dec  8 2016 00:54:26 by "builder" with MS VC++ 10.0 (VS2010)

time: Wed Oct 25 16:55:09 2017
elapsed time: 31 seconds (0d 0h 0m 31s)

